INFO  started: Metals version 0.8.3 in workspace 'D:\Dotty_repo\algorithm_project\dotty-example-project'
INFO  time: initialize in 0.25s
WARN  no build target for: D:\Dotty_repo\algorithm_project\dotty-example-project\src\main\scala\ImpliedInstances.scala
WARN  no build target for: D:\Dotty_repo\algorithm_project\dotty-example-project\src\main\scala\ContextQueries.scala
INFO  running 'C:\Program Files\Java\jdk1.8.0_121\jre\bin\java -Djline.terminal=jline.UnsupportedTerminal -Dsbt.log.noformat=true -Dfile.encoding=UTF-8 -jar C:\Users\Abner\AppData\Local\Temp\metals4100131107178693690\sbt-launch.jar -Dbloop.export-jar-classifiers=sources bloopInstall'
INFO  no build target: using presentation compiler with only scala-library
INFO  [info] Loading global plugins from C:\Users\Abner\.sbt\1.0\plugins
INFO  [info] Loading settings for project dotty-example-project-build from metals.sbt,plugins.sbt ...
INFO  [info] Loading project definition from D:\Dotty_repo\algorithm_project\dotty-example-project\project
四月 08, 2020 8:59:47 上午 org.eclipse.lsp4j.jsonrpc.RemoteEndpoint handleCancellation
警告: Unmatched cancel notification for request id 13
四月 08, 2020 8:59:47 上午 org.eclipse.lsp4j.jsonrpc.RemoteEndpoint handleCancellation
警告: Unmatched cancel notification for request id 14
WARN  no build target for: D:\Dotty_repo\algorithm_project\dotty-example-project\src\main\scala\Conversion.scala
WARN  no build target for: D:\Dotty_repo\algorithm_project\dotty-example-project\src\main\scala\IntersectionTypes.scala
WARN  no build target for: D:\Dotty_repo\algorithm_project\dotty-example-project\src\main\scala\Main.scala
WARN  no build target for: D:\Dotty_repo\algorithm_project\dotty-example-project\src\main\scala\MultiversalEquality.scala
WARN  no build target for: D:\Dotty_repo\algorithm_project\dotty-example-project\src\main\scala\NamedTypeArguments.scala
WARN  code navigation does not work for the file 'D:\Dotty_repo\algorithm_project\dotty-example-project\src\main\scala\NamedTypeArguments.scala' because it doesn't belong to a build target.
WARN  code navigation does not work for the file 'D:\Dotty_repo\algorithm_project\dotty-example-project\src\main\scala\NamedTypeArguments.scala' because it doesn't belong to a build target.
WARN  code navigation does not work for the file 'D:\Dotty_repo\algorithm_project\dotty-example-project\src\main\scala\NamedTypeArguments.scala' because it doesn't belong to a build target.
WARN  code navigation does not work for the file 'D:\Dotty_repo\algorithm_project\dotty-example-project\src\main\scala\NamedTypeArguments.scala' because it doesn't belong to a build target.
something's wrong: no file:///d%3A/Dotty_repo/algorithm_project/dotty-example-project/src/main/scala/NamedTypeArguments.scala in NamedTypeArguments.Functor[List]RangePosition(file:///d%3A/Dotty_repo/algorithm_project/dotty-example-project/src/main/scala/NamedTypeArguments.scala, 263, 263, 276)
WARN  code navigation does not work for the file 'D:\Dotty_repo\algorithm_project\dotty-example-project\src\main\scala\NamedTypeArguments.scala' because it doesn't belong to a build target.
WARN  code navigation does not work for the file 'D:\Dotty_repo\algorithm_project\dotty-example-project\src\main\scala\NamedTypeArguments.scala' because it doesn't belong to a build target.
something's wrong: no file:///d%3A/Dotty_repo/algorithm_project/dotty-example-project/src/main/scala/NamedTypeArguments.scala in NamedTypeArguments.Functor[List]RangePosition(file:///d%3A/Dotty_repo/algorithm_project/dotty-example-project/src/main/scala/NamedTypeArguments.scala, 263, 263, 276)
WARN  code navigation does not work for the file 'D:\Dotty_repo\algorithm_project\dotty-example-project\src\main\scala\NamedTypeArguments.scala' because it doesn't belong to a build target.
WARN  code navigation does not work for the file 'D:\Dotty_repo\algorithm_project\dotty-example-project\src\main\scala\NamedTypeArguments.scala' because it doesn't belong to a build target.
WARN  code navigation does not work for the file 'D:\Dotty_repo\algorithm_project\dotty-example-project\src\main\scala\NamedTypeArguments.scala' because it doesn't belong to a build target.
WARN  code navigation does not work for the file 'D:\Dotty_repo\algorithm_project\dotty-example-project\src\main\scala\NamedTypeArguments.scala' because it doesn't belong to a build target.
something's wrong: no file:///d%3A/Dotty_repo/algorithm_project/dotty-example-project/src/main/scala/NamedTypeArguments.scala in NamedTypeArguments.Functor[List]RangePosition(file:///d%3A/Dotty_repo/algorithm_project/dotty-example-project/src/main/scala/NamedTypeArguments.scala, 263, 263, 276)
WARN  code navigation does not work for the file 'D:\Dotty_repo\algorithm_project\dotty-example-project\src\main\scala\NamedTypeArguments.scala' because it doesn't belong to a build target.
WARN  code navigation does not work for the file 'D:\Dotty_repo\algorithm_project\dotty-example-project\src\main\scala\NamedTypeArguments.scala' because it doesn't belong to a build target.
something's wrong: no file:///d%3A/Dotty_repo/algorithm_project/dotty-example-project/src/main/scala/NamedTypeArguments.scala in NamedTypeArguments.Functor[List]RangePosition(file:///d%3A/Dotty_repo/algorithm_project/dotty-example-project/src/main/scala/NamedTypeArguments.scala, 263, 263, 276)
WARN  code navigation does not work for the file 'D:\Dotty_repo\algorithm_project\dotty-example-project\src\main\scala\NamedTypeArguments.scala' because it doesn't belong to a build target.
WARN  code navigation does not work for the file 'D:\Dotty_repo\algorithm_project\dotty-example-project\src\main\scala\NamedTypeArguments.scala' because it doesn't belong to a build target.
WARN  no build target for: D:\Dotty_repo\algorithm_project\dotty-example-project\src\main\scala\PatternMatching.scala
WARN  no build target for: D:\Dotty_repo\algorithm_project\dotty-example-project\src\main\scala\StructuralTypes.scala
WARN  no build target for: D:\Dotty_repo\algorithm_project\dotty-example-project\src\main\scala\TraitParams.scala
WARN  no build target for: D:\Dotty_repo\algorithm_project\dotty-example-project\src\main\scala\TypeLambdas.scala
WARN  no build target for: D:\Dotty_repo\algorithm_project\dotty-example-project\src\main\scala\UnionTypes.scala
四月 08, 2020 9:13:01 上午 org.eclipse.lsp4j.jsonrpc.RemoteEndpoint handleCancellation
警告: Unmatched cancel notification for request id 107
INFO  [info] Loading settings for project root from build.sbt ...
INFO  [info] Set current project to dotty-example-project (in build file:/D:/Dotty_repo/algorithm_project/dotty-example-project/)
INFO  [success] Generated .bloop\root-test.json
INFO  [success] Generated .bloop\root.json
INFO  [success] Total time: 8 s, completed 2020-4-8 9:16:33
INFO  build tool exit: 0
INFO  time: ran 'sbt bloopInstall' in 18m30s
Starting the bsp launcher for bloop...
Opening a bsp server connection with 'bsp --protocol tcp --port 35141'...
Waiting for the bsp connection to come up...
Waiting for the bsp connection to come up...
Waiting for the bsp connection to come up...
Waiting for the bsp connection to come up...
Waiting for the bsp connection to come up...
Waiting for the bsp connection to come up...
Waiting for the bsp connection to come up...
Waiting for the bsp connection to come up...
Waiting for the bsp connection to come up...
Waiting for the bsp connection to come up...
Waiting for the bsp connection to come up...
Waiting for the bsp connection to come up...
Waiting for the bsp connection to come up...
Waiting for the bsp connection to come up...
Waiting for the bsp connection to come up...
Waiting for the bsp connection to come up...
Waiting for the bsp connection to come up...
Waiting for the bsp connection to come up...
Waiting for the bsp connection to come up...
Waiting for the bsp connection to come up...
Waiting for the bsp connection to come up...
Waiting for the bsp connection to come up...
Waiting for the bsp connection to come up...
Waiting for the bsp connection to come up...
Waiting for the bsp connection to come up...
Waiting for the bsp connection to come up...
Waiting for the bsp connection to come up...
Waiting for the bsp connection to come up...
Waiting for the bsp connection to come up...
Waiting for the bsp connection to come up...
Waiting for the bsp connection to come up...
error: Giving up on waiting for a connection, printing embedded bloop logs:
> No server running at 127.0.0.1:8212, let's fire one...
> Resolving ch.epfl.scala:bloop-frontend_2.12:1.4.0-RC1-105-118a551b...
error: The launcher failed to establish a bsp connection, aborting...
ERROR Failed to connect with build server, no functionality will work.
java.lang.RuntimeException: The server did not start, got FailedToOpenBspConnection
	at bloop.launcher.LauncherMain.failPromise$1(Launcher.scala:95)
	at bloop.launcher.LauncherMain.runLauncher(Launcher.scala:122)
	at scala.meta.internal.metals.BloopServers$$anon$1.run(BloopServers.scala:106)
	at java.util.concurrent.Executors$RunnableAdapter.call(Executors.java:511)
	at java.util.concurrent.FutureTask.run(FutureTask.java:266)
	at java.util.concurrent.ThreadPoolExecutor.runWorker(ThreadPoolExecutor.java:1142)
	at java.util.concurrent.ThreadPoolExecutor$Worker.run(ThreadPoolExecutor.java:617)
	at java.lang.Thread.run(Thread.java:745)

INFO  shutting down Metals
INFO  started: Metals version 0.8.3 in workspace 'D:\Dotty_repo\algorithm_project\dotty-example-project'
INFO  time: initialize in 0.47s
INFO  skipping build import with status 'Installed'
WARN  no build target for: D:\Dotty_repo\algorithm_project\dotty-example-project\src\main\scala\UnionTypes.scala
Starting the bsp launcher for bloop...
Opening a bsp server connection with 'bsp --protocol tcp --port 26046'...
Waiting for the bsp connection to come up...
Waiting for the bsp connection to come up...
Waiting for the bsp connection to come up...
Waiting for the bsp connection to come up...
Waiting for the bsp connection to come up...
Waiting for the bsp connection to come up...
Waiting for the bsp connection to come up...
Waiting for the bsp connection to come up...
Waiting for the bsp connection to come up...
Waiting for the bsp connection to come up...
Waiting for the bsp connection to come up...
Waiting for the bsp connection to come up...
Waiting for the bsp connection to come up...
Waiting for the bsp connection to come up...
Waiting for the bsp connection to come up...
Waiting for the bsp connection to come up...
Waiting for the bsp connection to come up...
Waiting for the bsp connection to come up...
Waiting for the bsp connection to come up...
Waiting for the bsp connection to come up...
Waiting for the bsp connection to come up...
Waiting for the bsp connection to come up...
Waiting for the bsp connection to come up...
Waiting for the bsp connection to come up...
Waiting for the bsp connection to come up...
Waiting for the bsp connection to come up...
Waiting for the bsp connection to come up...
Waiting for the bsp connection to come up...
Waiting for the bsp connection to come up...
Waiting for the bsp connection to come up...
Waiting for the bsp connection to come up...
error: Giving up on waiting for a connection, printing embedded bloop logs:
> No server running at 127.0.0.1:8212, let's fire one...
> Resolving ch.epfl.scala:bloop-frontend_2.12:1.4.0-RC1-105-118a551b...
error: The launcher failed to establish a bsp connection, aborting...
ERROR Failed to connect with build server, no functionality will work.
java.lang.RuntimeException: The server did not start, got FailedToOpenBspConnection
	at bloop.launcher.LauncherMain.failPromise$1(Launcher.scala:95)
	at bloop.launcher.LauncherMain.runLauncher(Launcher.scala:122)
	at scala.meta.internal.metals.BloopServers$$anon$1.run(BloopServers.scala:106)
	at java.util.concurrent.Executors$RunnableAdapter.call(Executors.java:511)
	at java.util.concurrent.FutureTask.run(FutureTask.java:266)
	at java.util.concurrent.ThreadPoolExecutor.runWorker(ThreadPoolExecutor.java:1142)
	at java.util.concurrent.ThreadPoolExecutor$Worker.run(ThreadPoolExecutor.java:617)
	at java.lang.Thread.run(Thread.java:745)

INFO  shutting down Metals
INFO  started: Metals version 0.8.3 in workspace 'D:\Dotty_repo\algorithm_project\dotty-example-project'
INFO  time: initialize in 0.41s
INFO  skipping build import with status 'Installed'
WARN  no build target for: D:\Dotty_repo\algorithm_project\dotty-example-project\src\main\scala\UnionTypes.scala
Starting the bsp launcher for bloop...
Opening a bsp server connection with 'bsp --protocol tcp --port 38294'...
Waiting for the bsp connection to come up...
Waiting for the bsp connection to come up...
Waiting for the bsp connection to come up...
Waiting for the bsp connection to come up...
Waiting for the bsp connection to come up...
Waiting for the bsp connection to come up...
Waiting for the bsp connection to come up...
Waiting for the bsp connection to come up...
INFO  no build target: using presentation compiler with only scala-library
Waiting for the bsp connection to come up...
Waiting for the bsp connection to come up...
Waiting for the bsp connection to come up...
Waiting for the bsp connection to come up...
Waiting for the bsp connection to come up...
Waiting for the bsp connection to come up...
Waiting for the bsp connection to come up...
Waiting for the bsp connection to come up...
Waiting for the bsp connection to come up...
Waiting for the bsp connection to come up...
Waiting for the bsp connection to come up...
Waiting for the bsp connection to come up...
Waiting for the bsp connection to come up...
Waiting for the bsp connection to come up...
Waiting for the bsp connection to come up...
Waiting for the bsp connection to come up...
Waiting for the bsp connection to come up...
Waiting for the bsp connection to come up...
Waiting for the bsp connection to come up...
Waiting for the bsp connection to come up...
Waiting for the bsp connection to come up...
Waiting for the bsp connection to come up...
Waiting for the bsp connection to come up...
error: Giving up on waiting for a connection, printing embedded bloop logs:
> No server running at 127.0.0.1:8212, let's fire one...
> Resolving ch.epfl.scala:bloop-frontend_2.12:1.4.0-RC1-105-118a551b...
error: The launcher failed to establish a bsp connection, aborting...
ERROR Failed to connect with build server, no functionality will work.
java.lang.RuntimeException: The server did not start, got FailedToOpenBspConnection
	at bloop.launcher.LauncherMain.failPromise$1(Launcher.scala:95)
	at bloop.launcher.LauncherMain.runLauncher(Launcher.scala:122)
	at scala.meta.internal.metals.BloopServers$$anon$1.run(BloopServers.scala:106)
	at java.util.concurrent.Executors$RunnableAdapter.call(Executors.java:511)
	at java.util.concurrent.FutureTask.run(FutureTask.java:266)
	at java.util.concurrent.ThreadPoolExecutor.runWorker(ThreadPoolExecutor.java:1142)
	at java.util.concurrent.ThreadPoolExecutor$Worker.run(ThreadPoolExecutor.java:617)
	at java.lang.Thread.run(Thread.java:745)

INFO  shutting down Metals
INFO  started: Metals version 0.8.3 in workspace 'D:\Dotty_repo\algorithm_project\dotty-example-project'
INFO  time: initialize in 0.3s
INFO  skipping build import with status 'Installed'
WARN  no build target for: D:\Dotty_repo\algorithm_project\dotty-example-project\src\main\scala\UnionTypes.scala
Starting the bsp launcher for bloop...
Opening a bsp server connection with 'bsp --protocol tcp --port 43691'...
Waiting for the bsp connection to come up...
Waiting for the bsp connection to come up...
Waiting for the bsp connection to come up...
Waiting for the bsp connection to come up...
Waiting for the bsp connection to come up...
Waiting for the bsp connection to come up...
Waiting for the bsp connection to come up...
Waiting for the bsp connection to come up...
Waiting for the bsp connection to come up...
Waiting for the bsp connection to come up...
Waiting for the bsp connection to come up...
Waiting for the bsp connection to come up...
Waiting for the bsp connection to come up...
Waiting for the bsp connection to come up...
Waiting for the bsp connection to come up...
Waiting for the bsp connection to come up...
Waiting for the bsp connection to come up...
Waiting for the bsp connection to come up...
Waiting for the bsp connection to come up...
Waiting for the bsp connection to come up...
Waiting for the bsp connection to come up...
Waiting for the bsp connection to come up...
Waiting for the bsp connection to come up...
Waiting for the bsp connection to come up...
Waiting for the bsp connection to come up...
Waiting for the bsp connection to come up...
Waiting for the bsp connection to come up...
Waiting for the bsp connection to come up...
Waiting for the bsp connection to come up...
Waiting for the bsp connection to come up...
Waiting for the bsp connection to come up...
error: Giving up on waiting for a connection, printing embedded bloop logs:
> No server running at 127.0.0.1:8212, let's fire one...
> Resolving ch.epfl.scala:bloop-frontend_2.12:1.4.0-RC1-105-118a551b...
error: The launcher failed to establish a bsp connection, aborting...
ERROR Failed to connect with build server, no functionality will work.
java.lang.RuntimeException: The server did not start, got FailedToOpenBspConnection
	at bloop.launcher.LauncherMain.failPromise$1(Launcher.scala:95)
	at bloop.launcher.LauncherMain.runLauncher(Launcher.scala:122)
	at scala.meta.internal.metals.BloopServers$$anon$1.run(BloopServers.scala:106)
	at java.util.concurrent.Executors$RunnableAdapter.call(Executors.java:511)
	at java.util.concurrent.FutureTask.run(FutureTask.java:266)
	at java.util.concurrent.ThreadPoolExecutor.runWorker(ThreadPoolExecutor.java:1142)
	at java.util.concurrent.ThreadPoolExecutor$Worker.run(ThreadPoolExecutor.java:617)
	at java.lang.Thread.run(Thread.java:745)

WARN  no build target for: D:\Dotty_repo\algorithm_project\dotty-example-project\src\main\scala\StructuralTypes.scala
WARN  no build target for: D:\Dotty_repo\algorithm_project\dotty-example-project\src\main\scala\EnumTypes.scala
INFO  no build target: using presentation compiler with only scala-library
WARN  no build target for: D:\Dotty_repo\algorithm_project\dotty-example-project\src\main\scala\Conversion.scala
WARN  no build target for: D:\Dotty_repo\algorithm_project\dotty-example-project\src\main\scala\ContextQueries.scala
WARN  no build target for: D:\Dotty_repo\algorithm_project\dotty-example-project\src\main\scala\ArrayDemo.scala
四月 08, 2020 9:30:16 上午 org.eclipse.lsp4j.jsonrpc.RemoteEndpoint fallbackResponseError
严重: Internal error: java.lang.StringIndexOutOfBoundsException: String index out of range: -1
java.util.concurrent.CompletionException: java.lang.StringIndexOutOfBoundsException: String index out of range: -1
	at java.util.concurrent.CompletableFuture.encodeThrowable(CompletableFuture.java:292)
	at java.util.concurrent.CompletableFuture.completeThrowable(CompletableFuture.java:308)
	at java.util.concurrent.CompletableFuture.uniAccept(CompletableFuture.java:647)
	at java.util.concurrent.CompletableFuture$UniAccept.tryFire(CompletableFuture.java:632)
	at java.util.concurrent.CompletableFuture.postComplete(CompletableFuture.java:474)
	at java.util.concurrent.CompletableFuture.completeExceptionally(CompletableFuture.java:1977)
	at scala.meta.internal.metals.CancelTokens$.$anonfun$future$1(CancelTokens.scala:38)
	at scala.meta.internal.metals.CancelTokens$.$anonfun$future$1$adapted(CancelTokens.scala:36)
	at scala.concurrent.impl.CallbackRunnable.run(Promise.scala:64)
	at java.util.concurrent.ThreadPoolExecutor.runWorker(ThreadPoolExecutor.java:1142)
	at java.util.concurrent.ThreadPoolExecutor$Worker.run(ThreadPoolExecutor.java:617)
	at java.lang.Thread.run(Thread.java:745)
Caused by: java.lang.StringIndexOutOfBoundsException: String index out of range: -1
	at java.lang.String.charAt(String.java:658)
	at scala.collection.immutable.StringOps$.apply$extension(StringOps.scala:41)
	at scala.meta.internal.metals.MetalsEnrichments$XtensionString.lastIndexBetween(MetalsEnrichments.scala:408)
	at scala.meta.internal.metals.MultilineStringFormattingProvider.pipeInScope(MultilineStringFormattingProvider.scala:93)
	at scala.meta.internal.metals.MultilineStringFormattingProvider.$anonfun$withToken$1(MultilineStringFormattingProvider.scala:139)
	at scala.concurrent.Future$.$anonfun$apply$1(Future.scala:659)
	at scala.util.Success.$anonfun$map$1(Try.scala:255)
	at scala.util.Success.map(Try.scala:213)
	at scala.concurrent.Future.$anonfun$map$1(Future.scala:292)
	at scala.concurrent.impl.Promise.liftedTree1$1(Promise.scala:33)
	at scala.concurrent.impl.Promise.$anonfun$transform$1(Promise.scala:33)
	... 4 more

WARN  no build target for: D:\Dotty_repo\algorithm_project\dotty-example-project\src\main\scala\AutoParamTupling.scala
四月 08, 2020 9:30:35 上午 scala.meta.internal.pc.CompilerAccess retryWithCleanCompiler
信息: compiler crashed due to an error in the Scala compiler, retrying with new compiler instance.
四月 08, 2020 9:30:35 上午 scala.meta.internal.pc.CompilerAccess handleError
严重: null
java.lang.NullPointerException
	at scala.reflect.internal.Definitions$DefinitionsClass.isByNameParamType(Definitions.scala:417)
	at scala.reflect.internal.TreeInfo.isStableIdent(TreeInfo.scala:138)
	at scala.reflect.internal.TreeInfo.isStableIdentifier(TreeInfo.scala:113)
	at scala.reflect.internal.TreeInfo.isPath(TreeInfo.scala:102)
	at scala.reflect.internal.TreeInfo.admitsTypeSelection(TreeInfo.scala:156)
	at scala.tools.nsc.interactive.Global.stabilizedType(Global.scala:959)
	at scala.tools.nsc.interactive.Global.typedTreeAt(Global.scala:807)
	at scala.meta.internal.pc.SignatureHelpProvider.signatureHelp(SignatureHelpProvider.scala:22)

WARN  no build target for: D:\Dotty_repo\algorithm_project\dotty-example-project\src\main\scala\IntersectionTypes.scala
四月 08, 2020 9:30:47 上午 scala.meta.internal.pc.completions.Completions completionPosition
严重: null
java.lang.NullPointerException
	at scala.meta.internal.pc.completions.OverrideCompletions$OverrideCompletion.<init>(OverrideCompletions.scala:44)
	at scala.meta.internal.pc.completions.Completions.completionPositionUnsafe(Completions.scala:490)
	at scala.meta.internal.pc.completions.Completions.completionPositionUnsafe$(Completions.scala:402)
	at scala.meta.internal.pc.MetalsGlobal.completionPositionUnsafe(MetalsGlobal.scala:25)
	at scala.meta.internal.pc.completions.Completions.completionPosition(Completions.scala:394)
	at scala.meta.internal.pc.completions.Completions.completionPosition$(Completions.scala:379)
	at scala.meta.internal.pc.MetalsGlobal.completionPosition(MetalsGlobal.scala:25)
	at scala.meta.internal.pc.CompletionProvider.safeCompletionsAt(CompletionProvider.scala:415)
	at scala.meta.internal.pc.CompletionProvider.completions(CompletionProvider.scala:52)
	at scala.meta.internal.pc.ScalaPresentationCompiler.$anonfun$complete$1(ScalaPresentationCompiler.scala:92)
	at scala.meta.internal.pc.CompilerAccess.withSharedCompiler(CompilerAccess.scala:120)
	at scala.meta.internal.pc.CompilerAccess.$anonfun$withInterruptableCompiler$1(CompilerAccess.scala:77)
	at scala.meta.internal.pc.CompilerAccess.$anonfun$onCompilerJobQueue$1(CompilerAccess.scala:198)
	at scala.meta.internal.pc.CompilerJobQueue$Job.run(CompilerJobQueue.scala:101)
	at java.util.concurrent.ThreadPoolExecutor.runWorker(ThreadPoolExecutor.java:1142)
	at java.util.concurrent.ThreadPoolExecutor$Worker.run(ThreadPoolExecutor.java:617)
	at java.lang.Thread.run(Thread.java:745)

四月 08, 2020 9:30:49 上午 scala.meta.internal.pc.completions.Completions completionPosition
严重: null
java.lang.NullPointerException
	at scala.meta.internal.pc.completions.OverrideCompletions$OverrideCompletion.<init>(OverrideCompletions.scala:44)
	at scala.meta.internal.pc.completions.Completions.completionPositionUnsafe(Completions.scala:490)
	at scala.meta.internal.pc.completions.Completions.completionPositionUnsafe$(Completions.scala:402)
	at scala.meta.internal.pc.MetalsGlobal.completionPositionUnsafe(MetalsGlobal.scala:25)
	at scala.meta.internal.pc.completions.Completions.completionPosition(Completions.scala:394)
	at scala.meta.internal.pc.completions.Completions.completionPosition$(Completions.scala:379)
	at scala.meta.internal.pc.MetalsGlobal.completionPosition(MetalsGlobal.scala:25)
	at scala.meta.internal.pc.CompletionProvider.safeCompletionsAt(CompletionProvider.scala:415)
	at scala.meta.internal.pc.CompletionProvider.completions(CompletionProvider.scala:52)
	at scala.meta.internal.pc.ScalaPresentationCompiler.$anonfun$complete$1(ScalaPresentationCompiler.scala:92)
	at scala.meta.internal.pc.CompilerAccess.withSharedCompiler(CompilerAccess.scala:120)
	at scala.meta.internal.pc.CompilerAccess.$anonfun$withInterruptableCompiler$1(CompilerAccess.scala:77)
	at scala.meta.internal.pc.CompilerAccess.$anonfun$onCompilerJobQueue$1(CompilerAccess.scala:198)
	at scala.meta.internal.pc.CompilerJobQueue$Job.run(CompilerJobQueue.scala:101)
	at java.util.concurrent.ThreadPoolExecutor.runWorker(ThreadPoolExecutor.java:1142)
	at java.util.concurrent.ThreadPoolExecutor$Worker.run(ThreadPoolExecutor.java:617)
	at java.lang.Thread.run(Thread.java:745)

四月 08, 2020 9:30:50 上午 scala.meta.internal.pc.completions.Completions completionPosition
严重: null
java.lang.NullPointerException
	at scala.meta.internal.pc.completions.OverrideCompletions$OverrideCompletion.<init>(OverrideCompletions.scala:44)
	at scala.meta.internal.pc.completions.Completions.completionPositionUnsafe(Completions.scala:490)
	at scala.meta.internal.pc.completions.Completions.completionPositionUnsafe$(Completions.scala:402)
	at scala.meta.internal.pc.MetalsGlobal.completionPositionUnsafe(MetalsGlobal.scala:25)
	at scala.meta.internal.pc.completions.Completions.completionPosition(Completions.scala:394)
	at scala.meta.internal.pc.completions.Completions.completionPosition$(Completions.scala:379)
	at scala.meta.internal.pc.MetalsGlobal.completionPosition(MetalsGlobal.scala:25)
	at scala.meta.internal.pc.CompletionProvider.safeCompletionsAt(CompletionProvider.scala:415)
	at scala.meta.internal.pc.CompletionProvider.completions(CompletionProvider.scala:52)
	at scala.meta.internal.pc.ScalaPresentationCompiler.$anonfun$complete$1(ScalaPresentationCompiler.scala:92)
	at scala.meta.internal.pc.CompilerAccess.withSharedCompiler(CompilerAccess.scala:120)
	at scala.meta.internal.pc.CompilerAccess.$anonfun$withInterruptableCompiler$1(CompilerAccess.scala:77)
	at scala.meta.internal.pc.CompilerAccess.$anonfun$onCompilerJobQueue$1(CompilerAccess.scala:198)
	at scala.meta.internal.pc.CompilerJobQueue$Job.run(CompilerJobQueue.scala:101)
	at java.util.concurrent.ThreadPoolExecutor.runWorker(ThreadPoolExecutor.java:1142)
	at java.util.concurrent.ThreadPoolExecutor$Worker.run(ThreadPoolExecutor.java:617)
	at java.lang.Thread.run(Thread.java:745)

四月 08, 2020 9:30:50 上午 scala.meta.internal.pc.completions.Completions completionPosition
严重: null
java.lang.NullPointerException
	at scala.meta.internal.pc.completions.OverrideCompletions$OverrideCompletion.<init>(OverrideCompletions.scala:44)
	at scala.meta.internal.pc.completions.Completions.completionPositionUnsafe(Completions.scala:490)
	at scala.meta.internal.pc.completions.Completions.completionPositionUnsafe$(Completions.scala:402)
	at scala.meta.internal.pc.MetalsGlobal.completionPositionUnsafe(MetalsGlobal.scala:25)
	at scala.meta.internal.pc.completions.Completions.completionPosition(Completions.scala:394)
	at scala.meta.internal.pc.completions.Completions.completionPosition$(Completions.scala:379)
	at scala.meta.internal.pc.MetalsGlobal.completionPosition(MetalsGlobal.scala:25)
	at scala.meta.internal.pc.CompletionProvider.safeCompletionsAt(CompletionProvider.scala:415)
	at scala.meta.internal.pc.CompletionProvider.completions(CompletionProvider.scala:52)
	at scala.meta.internal.pc.ScalaPresentationCompiler.$anonfun$complete$1(ScalaPresentationCompiler.scala:92)
	at scala.meta.internal.pc.CompilerAccess.withSharedCompiler(CompilerAccess.scala:120)
	at scala.meta.internal.pc.CompilerAccess.$anonfun$withInterruptableCompiler$1(CompilerAccess.scala:77)
	at scala.meta.internal.pc.CompilerAccess.$anonfun$onCompilerJobQueue$1(CompilerAccess.scala:198)
	at scala.meta.internal.pc.CompilerJobQueue$Job.run(CompilerJobQueue.scala:101)
	at java.util.concurrent.ThreadPoolExecutor.runWorker(ThreadPoolExecutor.java:1142)
	at java.util.concurrent.ThreadPoolExecutor$Worker.run(ThreadPoolExecutor.java:617)
	at java.lang.Thread.run(Thread.java:745)

四月 08, 2020 9:30:51 上午 scala.meta.internal.pc.completions.Completions completionPosition
严重: null
java.lang.NullPointerException
	at scala.meta.internal.pc.completions.OverrideCompletions$OverrideCompletion.<init>(OverrideCompletions.scala:44)
	at scala.meta.internal.pc.completions.Completions.completionPositionUnsafe(Completions.scala:490)
	at scala.meta.internal.pc.completions.Completions.completionPositionUnsafe$(Completions.scala:402)
	at scala.meta.internal.pc.MetalsGlobal.completionPositionUnsafe(MetalsGlobal.scala:25)
	at scala.meta.internal.pc.completions.Completions.completionPosition(Completions.scala:394)
	at scala.meta.internal.pc.completions.Completions.completionPosition$(Completions.scala:379)
	at scala.meta.internal.pc.MetalsGlobal.completionPosition(MetalsGlobal.scala:25)
	at scala.meta.internal.pc.CompletionProvider.safeCompletionsAt(CompletionProvider.scala:415)
	at scala.meta.internal.pc.CompletionProvider.completions(CompletionProvider.scala:52)
	at scala.meta.internal.pc.ScalaPresentationCompiler.$anonfun$complete$1(ScalaPresentationCompiler.scala:92)
	at scala.meta.internal.pc.CompilerAccess.withSharedCompiler(CompilerAccess.scala:120)
	at scala.meta.internal.pc.CompilerAccess.$anonfun$withInterruptableCompiler$1(CompilerAccess.scala:77)
	at scala.meta.internal.pc.CompilerAccess.$anonfun$onCompilerJobQueue$1(CompilerAccess.scala:198)
	at scala.meta.internal.pc.CompilerJobQueue$Job.run(CompilerJobQueue.scala:101)
	at java.util.concurrent.ThreadPoolExecutor.runWorker(ThreadPoolExecutor.java:1142)
	at java.util.concurrent.ThreadPoolExecutor$Worker.run(ThreadPoolExecutor.java:617)
	at java.lang.Thread.run(Thread.java:745)

四月 08, 2020 9:30:51 上午 scala.meta.internal.pc.completions.Completions completionPosition
严重: null
java.lang.NullPointerException
	at scala.meta.internal.pc.completions.OverrideCompletions$OverrideCompletion.<init>(OverrideCompletions.scala:44)
	at scala.meta.internal.pc.completions.Completions.completionPositionUnsafe(Completions.scala:490)
	at scala.meta.internal.pc.completions.Completions.completionPositionUnsafe$(Completions.scala:402)
	at scala.meta.internal.pc.MetalsGlobal.completionPositionUnsafe(MetalsGlobal.scala:25)
	at scala.meta.internal.pc.completions.Completions.completionPosition(Completions.scala:394)
	at scala.meta.internal.pc.completions.Completions.completionPosition$(Completions.scala:379)
	at scala.meta.internal.pc.MetalsGlobal.completionPosition(MetalsGlobal.scala:25)
	at scala.meta.internal.pc.CompletionProvider.safeCompletionsAt(CompletionProvider.scala:415)
	at scala.meta.internal.pc.CompletionProvider.completions(CompletionProvider.scala:52)
	at scala.meta.internal.pc.ScalaPresentationCompiler.$anonfun$complete$1(ScalaPresentationCompiler.scala:92)
	at scala.meta.internal.pc.CompilerAccess.withSharedCompiler(CompilerAccess.scala:120)
	at scala.meta.internal.pc.CompilerAccess.$anonfun$withInterruptableCompiler$1(CompilerAccess.scala:77)
	at scala.meta.internal.pc.CompilerAccess.$anonfun$onCompilerJobQueue$1(CompilerAccess.scala:198)
	at scala.meta.internal.pc.CompilerJobQueue$Job.run(CompilerJobQueue.scala:101)
	at java.util.concurrent.ThreadPoolExecutor.runWorker(ThreadPoolExecutor.java:1142)
	at java.util.concurrent.ThreadPoolExecutor$Worker.run(ThreadPoolExecutor.java:617)
	at java.lang.Thread.run(Thread.java:745)

something's wrong: no file:///d%3A/Dotty_repo/algorithm_project/dotty-example-project/src/main/scala/ArrayDemo.scala in Array[<error>]RangePosition(file:///d%3A/Dotty_repo/algorithm_project/dotty-example-project/src/main/scala/ArrayDemo.scala, 111, 111, 126)
something's wrong: no file:///d%3A/Dotty_repo/algorithm_project/dotty-example-project/src/main/scala/ArrayDemo.scala in Array[<error>]RangePosition(file:///d%3A/Dotty_repo/algorithm_project/dotty-example-project/src/main/scala/ArrayDemo.scala, 111, 111, 119)
something's wrong: no file:///d%3A/Dotty_repo/algorithm_project/dotty-example-project/src/main/scala/ArrayDemo.scala in Array[<error>]RangePosition(file:///d%3A/Dotty_repo/algorithm_project/dotty-example-project/src/main/scala/ArrayDemo.scala, 111, 111, 126)
something's wrong: no file:///d%3A/Dotty_repo/algorithm_project/dotty-example-project/src/main/scala/ArrayDemo.scala in Array[T]RangePosition(file:///d%3A/Dotty_repo/algorithm_project/dotty-example-project/src/main/scala/ArrayDemo.scala, 111, 111, 119)
something's wrong: no file:///d%3A/Dotty_repo/algorithm_project/dotty-example-project/src/main/scala/ArrayDemo.scala in Array[T]RangePosition(file:///d%3A/Dotty_repo/algorithm_project/dotty-example-project/src/main/scala/ArrayDemo.scala, 111, 111, 119)
something's wrong: no file:///d%3A/Dotty_repo/algorithm_project/dotty-example-project/src/main/scala/ArrayDemo.scala in Array[T]RangePosition(file:///d%3A/Dotty_repo/algorithm_project/dotty-example-project/src/main/scala/ArrayDemo.scala, 111, 111, 119)
WARN  no build target for: D:\Dotty_repo\algorithm_project\dotty-example-project\src\main\scala\Main.scala
四月 08, 2020 9:34:59 上午 org.eclipse.lsp4j.jsonrpc.RemoteEndpoint fallbackResponseError
严重: Internal error: java.lang.StringIndexOutOfBoundsException: String index out of range: -1
java.util.concurrent.CompletionException: java.lang.StringIndexOutOfBoundsException: String index out of range: -1
	at java.util.concurrent.CompletableFuture.encodeThrowable(CompletableFuture.java:292)
	at java.util.concurrent.CompletableFuture.completeThrowable(CompletableFuture.java:308)
	at java.util.concurrent.CompletableFuture.uniAccept(CompletableFuture.java:647)
	at java.util.concurrent.CompletableFuture$UniAccept.tryFire(CompletableFuture.java:632)
	at java.util.concurrent.CompletableFuture.postComplete(CompletableFuture.java:474)
	at java.util.concurrent.CompletableFuture.completeExceptionally(CompletableFuture.java:1977)
	at scala.meta.internal.metals.CancelTokens$.$anonfun$future$1(CancelTokens.scala:38)
	at scala.meta.internal.metals.CancelTokens$.$anonfun$future$1$adapted(CancelTokens.scala:36)
	at scala.concurrent.impl.CallbackRunnable.run(Promise.scala:64)
	at java.util.concurrent.ThreadPoolExecutor.runWorker(ThreadPoolExecutor.java:1142)
	at java.util.concurrent.ThreadPoolExecutor$Worker.run(ThreadPoolExecutor.java:617)
	at java.lang.Thread.run(Thread.java:745)
Caused by: java.lang.StringIndexOutOfBoundsException: String index out of range: -1
	at java.lang.String.charAt(String.java:658)
	at scala.collection.immutable.StringOps$.apply$extension(StringOps.scala:41)
	at scala.meta.internal.metals.MetalsEnrichments$XtensionString.lastIndexBetween(MetalsEnrichments.scala:408)
	at scala.meta.internal.metals.MultilineStringFormattingProvider.pipeInScope(MultilineStringFormattingProvider.scala:93)
	at scala.meta.internal.metals.MultilineStringFormattingProvider.$anonfun$withToken$1(MultilineStringFormattingProvider.scala:139)
	at scala.concurrent.Future$.$anonfun$apply$1(Future.scala:659)
	at scala.util.Success.$anonfun$map$1(Try.scala:255)
	at scala.util.Success.map(Try.scala:213)
	at scala.concurrent.Future.$anonfun$map$1(Future.scala:292)
	at scala.concurrent.impl.Promise.liftedTree1$1(Promise.scala:33)
	at scala.concurrent.impl.Promise.$anonfun$transform$1(Promise.scala:33)
	... 4 more

WARN  code navigation does not work for the file 'D:\Dotty_repo\algorithm_project\dotty-example-project\src\main\scala\Main.scala' because it doesn't belong to a build target.
WARN  code navigation does not work for the file 'D:\Dotty_repo\algorithm_project\dotty-example-project\src\main\scala\Main.scala' because it doesn't belong to a build target.
WARN  code navigation does not work for the file 'D:\Dotty_repo\algorithm_project\dotty-example-project\src\main\scala\Main.scala' because it doesn't belong to a build target.
WARN  code navigation does not work for the file 'D:\Dotty_repo\algorithm_project\dotty-example-project\src\main\scala\Main.scala' because it doesn't belong to a build target.
WARN  no build target for: D:\Dotty_repo\algorithm_project\dotty-example-project\src\main\scala\ArrayDemo.scala
WARN  code navigation does not work for the file 'D:\Dotty_repo\algorithm_project\dotty-example-project\src\main\scala\Main.scala' because it doesn't belong to a build target.
WARN  code navigation does not work for the file 'D:\Dotty_repo\algorithm_project\dotty-example-project\src\main\scala\Main.scala' because it doesn't belong to a build target.
WARN  code navigation does not work for the file 'D:\Dotty_repo\algorithm_project\dotty-example-project\src\main\scala\Main.scala' because it doesn't belong to a build target.
WARN  code navigation does not work for the file 'D:\Dotty_repo\algorithm_project\dotty-example-project\src\main\scala\Main.scala' because it doesn't belong to a build target.
WARN  no build target for: D:\Dotty_repo\algorithm_project\dotty-example-project\src\main\scala\Main.scala
something's wrong: no file:///d%3A/Dotty_repo/algorithm_project/dotty-example-project/src/main/scala/ArrayDemo.scala in scala.reflect.ClassTag[T]RangePosition(file:///d%3A/Dotty_repo/algorithm_project/dotty-example-project/src/main/scala/ArrayDemo.scala, 73, 73, 83)
WARN  code navigation does not work for the file 'D:\Dotty_repo\algorithm_project\dotty-example-project\src\main\scala\ArrayDemo.scala' because it doesn't belong to a build target.
WARN  code navigation does not work for the file 'D:\Dotty_repo\algorithm_project\dotty-example-project\src\main\scala\ArrayDemo.scala' because it doesn't belong to a build target.
WARN  code navigation does not work for the file 'D:\Dotty_repo\algorithm_project\dotty-example-project\src\main\scala\ArrayDemo.scala' because it doesn't belong to a build target.
WARN  code navigation does not work for the file 'D:\Dotty_repo\algorithm_project\dotty-example-project\src\main\scala\ArrayDemo.scala' because it doesn't belong to a build target.
WARN  code navigation does not work for the file 'D:\Dotty_repo\algorithm_project\dotty-example-project\src\main\scala\ArrayDemo.scala' because it doesn't belong to a build target.
WARN  code navigation does not work for the file 'D:\Dotty_repo\algorithm_project\dotty-example-project\src\main\scala\ArrayDemo.scala' because it doesn't belong to a build target.
WARN  code navigation does not work for the file 'D:\Dotty_repo\algorithm_project\dotty-example-project\src\main\scala\ArrayDemo.scala' because it doesn't belong to a build target.
WARN  code navigation does not work for the file 'D:\Dotty_repo\algorithm_project\dotty-example-project\src\main\scala\ArrayDemo.scala' because it doesn't belong to a build target.
something's wrong: no file:///d%3A/Dotty_repo/algorithm_project/dotty-example-project/src/main/scala/ArrayDemo.scala in Array[T]RangePosition(file:///d%3A/Dotty_repo/algorithm_project/dotty-example-project/src/main/scala/ArrayDemo.scala, 142, 142, 161)
WARN  no build target for: D:\Dotty_repo\algorithm_project\dotty-example-project\src\main\scala\ArrayDemo.scala
something's wrong: no file:///d%3A/Dotty_repo/algorithm_project/dotty-example-project/src/main/scala/ArrayDemo.scala in Array[T]RangePosition(file:///d%3A/Dotty_repo/algorithm_project/dotty-example-project/src/main/scala/ArrayDemo.scala, 142, 142, 160)
something's wrong: no file:///d%3A/Dotty_repo/algorithm_project/dotty-example-project/src/main/scala/ArrayDemo.scala in Array[T]RangePosition(file:///d%3A/Dotty_repo/algorithm_project/dotty-example-project/src/main/scala/ArrayDemo.scala, 142, 142, 160)
something's wrong: no file:///d%3A/Dotty_repo/algorithm_project/dotty-example-project/src/main/scala/ArrayDemo.scala in Array[T]RangePosition(file:///d%3A/Dotty_repo/algorithm_project/dotty-example-project/src/main/scala/ArrayDemo.scala, 142, 142, 160)
something's wrong: no file:///d%3A/Dotty_repo/algorithm_project/dotty-example-project/src/main/scala/ArrayDemo.scala in Array[T]RangePosition(file:///d%3A/Dotty_repo/algorithm_project/dotty-example-project/src/main/scala/ArrayDemo.scala, 142, 142, 160)
something's wrong: no file:///d%3A/Dotty_repo/algorithm_project/dotty-example-project/src/main/scala/ArrayDemo.scala in Array[T]RangePosition(file:///d%3A/Dotty_repo/algorithm_project/dotty-example-project/src/main/scala/ArrayDemo.scala, 142, 142, 160)
something's wrong: no file:///d%3A/Dotty_repo/algorithm_project/dotty-example-project/src/main/scala/ArrayDemo.scala in Array[T]RangePosition(file:///d%3A/Dotty_repo/algorithm_project/dotty-example-project/src/main/scala/ArrayDemo.scala, 142, 142, 160)
something's wrong: no file:///d%3A/Dotty_repo/algorithm_project/dotty-example-project/src/main/scala/ArrayDemo.scala in Array[T]RangePosition(file:///d%3A/Dotty_repo/algorithm_project/dotty-example-project/src/main/scala/ArrayDemo.scala, 142, 142, 160)
something's wrong: no file:///d%3A/Dotty_repo/algorithm_project/dotty-example-project/src/main/scala/ArrayDemo.scala in Array[T]RangePosition(file:///d%3A/Dotty_repo/algorithm_project/dotty-example-project/src/main/scala/ArrayDemo.scala, 142, 142, 160)
WARN  code navigation does not work for the file 'D:\Dotty_repo\algorithm_project\dotty-example-project\src\main\scala\ArrayDemo.scala' because it doesn't belong to a build target.
WARN  code navigation does not work for the file 'D:\Dotty_repo\algorithm_project\dotty-example-project\src\main\scala\ArrayDemo.scala' because it doesn't belong to a build target.
WARN  no build target for: D:\Dotty_repo\algorithm_project\dotty-example-project\src\main\scala\ArrayDemo.scala
WARN  no build target for: D:\Dotty_repo\algorithm_project\dotty-example-project\src\main\scala\ArrayDemo.scala
WARN  no build target for: D:\Dotty_repo\algorithm_project\dotty-example-project\src\main\scala\ArrayDemo.scala
something's wrong: no file:///d%3A/Dotty_repo/algorithm_project/dotty-example-project/src/main/scala/ArrayDemo.scala in Array[<error>]RangePosition(file:///d%3A/Dotty_repo/algorithm_project/dotty-example-project/src/main/scala/ArrayDemo.scala, 108, 108, 123)
something's wrong: no file:///d%3A/Dotty_repo/algorithm_project/dotty-example-project/src/main/scala/ArrayDemo.scala in Array[T]RangePosition(file:///d%3A/Dotty_repo/algorithm_project/dotty-example-project/src/main/scala/ArrayDemo.scala, 108, 108, 116)
something's wrong: no file:///d%3A/Dotty_repo/algorithm_project/dotty-example-project/src/main/scala/ArrayDemo.scala in Array[T]RangePosition(file:///d%3A/Dotty_repo/algorithm_project/dotty-example-project/src/main/scala/ArrayDemo.scala, 108, 108, 117)
something's wrong: no file:///d%3A/Dotty_repo/algorithm_project/dotty-example-project/src/main/scala/ArrayDemo.scala in Array[T]RangePosition(file:///d%3A/Dotty_repo/algorithm_project/dotty-example-project/src/main/scala/ArrayDemo.scala, 108, 108, 116)
something's wrong: no file:///d%3A/Dotty_repo/algorithm_project/dotty-example-project/src/main/scala/ArrayDemo.scala in Array[T]RangePosition(file:///d%3A/Dotty_repo/algorithm_project/dotty-example-project/src/main/scala/ArrayDemo.scala, 108, 108, 116)
something's wrong: no file:///d%3A/Dotty_repo/algorithm_project/dotty-example-project/src/main/scala/ArrayDemo.scala in Array[T]RangePosition(file:///d%3A/Dotty_repo/algorithm_project/dotty-example-project/src/main/scala/ArrayDemo.scala, 108, 108, 116)
something's wrong: no file:///d%3A/Dotty_repo/algorithm_project/dotty-example-project/src/main/scala/ArrayDemo.scala in Array[T]RangePosition(file:///d%3A/Dotty_repo/algorithm_project/dotty-example-project/src/main/scala/ArrayDemo.scala, 108, 108, 116)
something's wrong: no file:///d%3A/Dotty_repo/algorithm_project/dotty-example-project/src/main/scala/ArrayDemo.scala in Array[T]RangePosition(file:///d%3A/Dotty_repo/algorithm_project/dotty-example-project/src/main/scala/ArrayDemo.scala, 108, 108, 116)
something's wrong: no file:///d%3A/Dotty_repo/algorithm_project/dotty-example-project/src/main/scala/ArrayDemo.scala in Array[T]RangePosition(file:///d%3A/Dotty_repo/algorithm_project/dotty-example-project/src/main/scala/ArrayDemo.scala, 108, 108, 116)
something's wrong: no file:///d%3A/Dotty_repo/algorithm_project/dotty-example-project/src/main/scala/ArrayDemo.scala in Array[T]RangePosition(file:///d%3A/Dotty_repo/algorithm_project/dotty-example-project/src/main/scala/ArrayDemo.scala, 108, 108, 116)
something's wrong: no file:///d%3A/Dotty_repo/algorithm_project/dotty-example-project/src/main/scala/ArrayDemo.scala in Array[T]RangePosition(file:///d%3A/Dotty_repo/algorithm_project/dotty-example-project/src/main/scala/ArrayDemo.scala, 108, 108, 116)
WARN  no build target for: D:\Dotty_repo\algorithm_project\dotty-example-project\src\main\scala\ArrayDemo.scala
WARN  no build target for: D:\Dotty_repo\algorithm_project\dotty-example-project\src\main\scala\ArrayDemo.scala
something's wrong: no file:///d%3A/Dotty_repo/algorithm_project/dotty-example-project/src/main/scala/ArrayDemo.scala in scala.reflect.ClassTag[T]RangePosition(file:///d%3A/Dotty_repo/algorithm_project/dotty-example-project/src/main/scala/ArrayDemo.scala, 73, 73, 83)
something's wrong: no file:///d%3A/Dotty_repo/algorithm_project/dotty-example-project/src/main/scala/ArrayDemo.scala in scala.reflect.ClassTag[T]RangePosition(file:///d%3A/Dotty_repo/algorithm_project/dotty-example-project/src/main/scala/ArrayDemo.scala, 73, 73, 83)
WARN  code navigation does not work for the file 'D:\Dotty_repo\algorithm_project\dotty-example-project\src\main\scala\ArrayDemo.scala' because it doesn't belong to a build target.
WARN  code navigation does not work for the file 'D:\Dotty_repo\algorithm_project\dotty-example-project\src\main\scala\ArrayDemo.scala' because it doesn't belong to a build target.
WARN  no build target for: D:\Dotty_repo\algorithm_project\dotty-example-project\src\main\scala\ArrayDemo.scala
WARN  no build target for: D:\Dotty_repo\algorithm_project\dotty-example-project\src\main\scala\ArrayDemo.scala
WARN  no build target for: D:\Dotty_repo\algorithm_project\dotty-example-project\src\main\scala\ArrayDemo.scala
WARN  no build target for: D:\Dotty_repo\algorithm_project\dotty-example-project\src\main\scala\ArrayDemo.scala
WARN  code navigation does not work for the file 'D:\Dotty_repo\algorithm_project\dotty-example-project\src\main\scala\ArrayDemo.scala' because it doesn't belong to a build target.
WARN  code navigation does not work for the file 'D:\Dotty_repo\algorithm_project\dotty-example-project\src\main\scala\ArrayDemo.scala' because it doesn't belong to a build target.
WARN  code navigation does not work for the file 'D:\Dotty_repo\algorithm_project\dotty-example-project\src\main\scala\ArrayDemo.scala' because it doesn't belong to a build target.
WARN  code navigation does not work for the file 'D:\Dotty_repo\algorithm_project\dotty-example-project\src\main\scala\ArrayDemo.scala' because it doesn't belong to a build target.
WARN  code navigation does not work for the file 'D:\Dotty_repo\algorithm_project\dotty-example-project\src\main\scala\ArrayDemo.scala' because it doesn't belong to a build target.
WARN  code navigation does not work for the file 'D:\Dotty_repo\algorithm_project\dotty-example-project\src\main\scala\ArrayDemo.scala' because it doesn't belong to a build target.
WARN  no build target for: D:\Dotty_repo\algorithm_project\dotty-example-project\src\main\scala\ArrayDemo.scala
WARN  no build target for: D:\Dotty_repo\algorithm_project\dotty-example-project\src\main\scala\ArrayDemo.scala
WARN  no build target for: D:\Dotty_repo\algorithm_project\dotty-example-project\src\main\scala\ArrayDemo.scala
something's wrong: no file:///d%3A/Dotty_repo/algorithm_project/dotty-example-project/src/main/scala/ArrayDemo.scala in ArrayDemo.Array2[<error>]RangePosition(file:///d%3A/Dotty_repo/algorithm_project/dotty-example-project/src/main/scala/ArrayDemo.scala, 363, 363, 382)
something's wrong: no file:///d%3A/Dotty_repo/algorithm_project/dotty-example-project/src/main/scala/ArrayDemo.scala in ArrayDemo.Array2[<error>]RangePosition(file:///d%3A/Dotty_repo/algorithm_project/dotty-example-project/src/main/scala/ArrayDemo.scala, 363, 363, 379)
something's wrong: no file:///d%3A/Dotty_repo/algorithm_project/dotty-example-project/src/main/scala/ArrayDemo.scala in ArrayDemo.Array2[B]RangePosition(file:///d%3A/Dotty_repo/algorithm_project/dotty-example-project/src/main/scala/ArrayDemo.scala, 363, 363, 372)
something's wrong: no file:///d%3A/Dotty_repo/algorithm_project/dotty-example-project/src/main/scala/ArrayDemo.scala in ArrayDemo.Array2[B]RangePosition(file:///d%3A/Dotty_repo/algorithm_project/dotty-example-project/src/main/scala/ArrayDemo.scala, 363, 363, 372)
something's wrong: no file:///d%3A/Dotty_repo/algorithm_project/dotty-example-project/src/main/scala/ArrayDemo.scala in ArrayDemo.Array2[B]RangePosition(file:///d%3A/Dotty_repo/algorithm_project/dotty-example-project/src/main/scala/ArrayDemo.scala, 363, 363, 372)
WARN  code navigation does not work for the file 'D:\Dotty_repo\algorithm_project\dotty-example-project\src\main\scala\ArrayDemo.scala' because it doesn't belong to a build target.
WARN  code navigation does not work for the file 'D:\Dotty_repo\algorithm_project\dotty-example-project\src\main\scala\ArrayDemo.scala' because it doesn't belong to a build target.
WARN  no build target for: D:\Dotty_repo\algorithm_project\dotty-example-project\src\main\scala\ArrayDemo.scala
WARN  no build target for: D:\Dotty_repo\algorithm_project\dotty-example-project\src\main\scala\ArrayDemo.scala
四月 08, 2020 10:02:12 上午 org.eclipse.lsp4j.jsonrpc.RemoteEndpoint fallbackResponseError
严重: Internal error: java.lang.StringIndexOutOfBoundsException: String index out of range: -1
java.util.concurrent.CompletionException: java.lang.StringIndexOutOfBoundsException: String index out of range: -1
	at java.util.concurrent.CompletableFuture.encodeThrowable(CompletableFuture.java:292)
	at java.util.concurrent.CompletableFuture.completeThrowable(CompletableFuture.java:308)
	at java.util.concurrent.CompletableFuture.uniAccept(CompletableFuture.java:647)
	at java.util.concurrent.CompletableFuture$UniAccept.tryFire(CompletableFuture.java:632)
	at java.util.concurrent.CompletableFuture.postComplete(CompletableFuture.java:474)
	at java.util.concurrent.CompletableFuture.completeExceptionally(CompletableFuture.java:1977)
	at scala.meta.internal.metals.CancelTokens$.$anonfun$future$1(CancelTokens.scala:38)
	at scala.meta.internal.metals.CancelTokens$.$anonfun$future$1$adapted(CancelTokens.scala:36)
	at scala.concurrent.impl.CallbackRunnable.run(Promise.scala:64)
	at java.util.concurrent.ThreadPoolExecutor.runWorker(ThreadPoolExecutor.java:1142)
	at java.util.concurrent.ThreadPoolExecutor$Worker.run(ThreadPoolExecutor.java:617)
	at java.lang.Thread.run(Thread.java:745)
Caused by: java.lang.StringIndexOutOfBoundsException: String index out of range: -1
	at java.lang.String.charAt(String.java:658)
	at scala.collection.immutable.StringOps$.apply$extension(StringOps.scala:41)
	at scala.meta.internal.metals.MetalsEnrichments$XtensionString.lastIndexBetween(MetalsEnrichments.scala:408)
	at scala.meta.internal.metals.MultilineStringFormattingProvider.pipeInScope(MultilineStringFormattingProvider.scala:93)
	at scala.meta.internal.metals.MultilineStringFormattingProvider.$anonfun$withToken$1(MultilineStringFormattingProvider.scala:139)
	at scala.concurrent.Future$.$anonfun$apply$1(Future.scala:659)
	at scala.util.Success.$anonfun$map$1(Try.scala:255)
	at scala.util.Success.map(Try.scala:213)
	at scala.concurrent.Future.$anonfun$map$1(Future.scala:292)
	at scala.concurrent.impl.Promise.liftedTree1$1(Promise.scala:33)
	at scala.concurrent.impl.Promise.$anonfun$transform$1(Promise.scala:33)
	... 4 more

WARN  no build target for: D:\Dotty_repo\algorithm_project\dotty-example-project\src\main\scala\ArrayDemo.scala
something's wrong: no file:///d%3A/Dotty_repo/algorithm_project/dotty-example-project/src/main/scala/ArrayDemo.scala in ArrayDemo.Array2[B]RangePosition(file:///d%3A/Dotty_repo/algorithm_project/dotty-example-project/src/main/scala/ArrayDemo.scala, 408, 408, 417)
WARN  code navigation does not work for the file 'D:\Dotty_repo\algorithm_project\dotty-example-project\src\main\scala\ArrayDemo.scala' because it doesn't belong to a build target.
WARN  code navigation does not work for the file 'D:\Dotty_repo\algorithm_project\dotty-example-project\src\main\scala\ArrayDemo.scala' because it doesn't belong to a build target.
WARN  code navigation does not work for the file 'D:\Dotty_repo\algorithm_project\dotty-example-project\src\main\scala\ArrayDemo.scala' because it doesn't belong to a build target.
WARN  code navigation does not work for the file 'D:\Dotty_repo\algorithm_project\dotty-example-project\src\main\scala\ArrayDemo.scala' because it doesn't belong to a build target.
WARN  no build target for: D:\Dotty_repo\algorithm_project\dotty-example-project\src\main\scala\ArrayDemo.scala
四月 08, 2020 10:05:07 上午 scala.meta.internal.pc.CompletionProvider expected$1
警告: String index out of range: -1
WARN  no build target for: D:\Dotty_repo\algorithm_project\dotty-example-project\src\main\scala\ArrayDemo.scala
WARN  code navigation does not work for the file 'D:\Dotty_repo\algorithm_project\dotty-example-project\src\main\scala\ArrayDemo.scala' because it doesn't belong to a build target.
WARN  code navigation does not work for the file 'D:\Dotty_repo\algorithm_project\dotty-example-project\src\main\scala\ArrayDemo.scala' because it doesn't belong to a build target.
something's wrong: no file:///d%3A/Dotty_repo/algorithm_project/dotty-example-project/src/main/scala/ArrayDemo.scala in scala.reflect.ClassTag[B]RangePosition(file:///d%3A/Dotty_repo/algorithm_project/dotty-example-project/src/main/scala/ArrayDemo.scala, 388, 388, 398)
WARN  code navigation does not work for the file 'D:\Dotty_repo\algorithm_project\dotty-example-project\src\main\scala\ArrayDemo.scala' because it doesn't belong to a build target.
WARN  code navigation does not work for the file 'D:\Dotty_repo\algorithm_project\dotty-example-project\src\main\scala\ArrayDemo.scala' because it doesn't belong to a build target.
WARN  no build target for: D:\Dotty_repo\algorithm_project\dotty-example-project\src\main\scala\ArrayDemo.scala
WARN  code navigation does not work for the file 'D:\Dotty_repo\algorithm_project\dotty-example-project\src\main\scala\ArrayDemo.scala' because it doesn't belong to a build target.
WARN  code navigation does not work for the file 'D:\Dotty_repo\algorithm_project\dotty-example-project\src\main\scala\ArrayDemo.scala' because it doesn't belong to a build target.
四月 08, 2020 10:06:39 上午 org.eclipse.lsp4j.jsonrpc.RemoteEndpoint handleCancellation
警告: Unmatched cancel notification for request id 3467
WARN  code navigation does not work for the file 'D:\Dotty_repo\algorithm_project\dotty-example-project\src\main\scala\ArrayDemo.scala' because it doesn't belong to a build target.
WARN  code navigation does not work for the file 'D:\Dotty_repo\algorithm_project\dotty-example-project\src\main\scala\ArrayDemo.scala' because it doesn't belong to a build target.
WARN  code navigation does not work for the file 'D:\Dotty_repo\algorithm_project\dotty-example-project\src\main\scala\ArrayDemo.scala' because it doesn't belong to a build target.
WARN  code navigation does not work for the file 'D:\Dotty_repo\algorithm_project\dotty-example-project\src\main\scala\ArrayDemo.scala' because it doesn't belong to a build target.
四月 08, 2020 10:06:39 上午 org.eclipse.lsp4j.jsonrpc.RemoteEndpoint handleCancellation
警告: Unmatched cancel notification for request id 3465
四月 08, 2020 10:06:39 上午 org.eclipse.lsp4j.jsonrpc.RemoteEndpoint handleCancellation
警告: Unmatched cancel notification for request id 3469
四月 08, 2020 10:06:39 上午 org.eclipse.lsp4j.jsonrpc.RemoteEndpoint handleCancellation
警告: Unmatched cancel notification for request id 3471
WARN  no build target for: D:\Dotty_repo\algorithm_project\dotty-example-project\src\main\scala\ArrayDemo.scala
WARN  code navigation does not work for the file 'D:\Dotty_repo\algorithm_project\dotty-example-project\src\main\scala\ArrayDemo.scala' because it doesn't belong to a build target.
WARN  code navigation does not work for the file 'D:\Dotty_repo\algorithm_project\dotty-example-project\src\main\scala\ArrayDemo.scala' because it doesn't belong to a build target.
WARN  code navigation does not work for the file 'D:\Dotty_repo\algorithm_project\dotty-example-project\src\main\scala\ArrayDemo.scala' because it doesn't belong to a build target.
WARN  code navigation does not work for the file 'D:\Dotty_repo\algorithm_project\dotty-example-project\src\main\scala\ArrayDemo.scala' because it doesn't belong to a build target.
WARN  code navigation does not work for the file 'D:\Dotty_repo\algorithm_project\dotty-example-project\src\main\scala\ArrayDemo.scala' because it doesn't belong to a build target.
WARN  code navigation does not work for the file 'D:\Dotty_repo\algorithm_project\dotty-example-project\src\main\scala\ArrayDemo.scala' because it doesn't belong to a build target.
WARN  code navigation does not work for the file 'D:\Dotty_repo\algorithm_project\dotty-example-project\src\main\scala\ArrayDemo.scala' because it doesn't belong to a build target.
WARN  code navigation does not work for the file 'D:\Dotty_repo\algorithm_project\dotty-example-project\src\main\scala\ArrayDemo.scala' because it doesn't belong to a build target.
WARN  code navigation does not work for the file 'D:\Dotty_repo\algorithm_project\dotty-example-project\src\main\scala\ArrayDemo.scala' because it doesn't belong to a build target.
WARN  code navigation does not work for the file 'D:\Dotty_repo\algorithm_project\dotty-example-project\src\main\scala\ArrayDemo.scala' because it doesn't belong to a build target.
WARN  code navigation does not work for the file 'D:\Dotty_repo\algorithm_project\dotty-example-project\src\main\scala\ArrayDemo.scala' because it doesn't belong to a build target.
WARN  code navigation does not work for the file 'D:\Dotty_repo\algorithm_project\dotty-example-project\src\main\scala\ArrayDemo.scala' because it doesn't belong to a build target.
WARN  code navigation does not work for the file 'D:\Dotty_repo\algorithm_project\dotty-example-project\src\main\scala\ArrayDemo.scala' because it doesn't belong to a build target.
WARN  code navigation does not work for the file 'D:\Dotty_repo\algorithm_project\dotty-example-project\src\main\scala\ArrayDemo.scala' because it doesn't belong to a build target.
WARN  code navigation does not work for the file 'D:\Dotty_repo\algorithm_project\dotty-example-project\src\main\scala\ArrayDemo.scala' because it doesn't belong to a build target.
WARN  code navigation does not work for the file 'D:\Dotty_repo\algorithm_project\dotty-example-project\src\main\scala\ArrayDemo.scala' because it doesn't belong to a build target.
WARN  code navigation does not work for the file 'D:\Dotty_repo\algorithm_project\dotty-example-project\src\main\scala\ArrayDemo.scala' because it doesn't belong to a build target.
WARN  code navigation does not work for the file 'D:\Dotty_repo\algorithm_project\dotty-example-project\src\main\scala\ArrayDemo.scala' because it doesn't belong to a build target.
WARN  code navigation does not work for the file 'D:\Dotty_repo\algorithm_project\dotty-example-project\src\main\scala\ArrayDemo.scala' because it doesn't belong to a build target.
WARN  code navigation does not work for the file 'D:\Dotty_repo\algorithm_project\dotty-example-project\src\main\scala\ArrayDemo.scala' because it doesn't belong to a build target.
WARN  code navigation does not work for the file 'D:\Dotty_repo\algorithm_project\dotty-example-project\src\main\scala\ArrayDemo.scala' because it doesn't belong to a build target.
WARN  code navigation does not work for the file 'D:\Dotty_repo\algorithm_project\dotty-example-project\src\main\scala\ArrayDemo.scala' because it doesn't belong to a build target.
WARN  code navigation does not work for the file 'D:\Dotty_repo\algorithm_project\dotty-example-project\src\main\scala\ArrayDemo.scala' because it doesn't belong to a build target.
WARN  code navigation does not work for the file 'D:\Dotty_repo\algorithm_project\dotty-example-project\src\main\scala\ArrayDemo.scala' because it doesn't belong to a build target.
WARN  code navigation does not work for the file 'D:\Dotty_repo\algorithm_project\dotty-example-project\.metals\readonly\scala\Array.scala' because it doesn't belong to a build target.
WARN  code navigation does not work for the file 'D:\Dotty_repo\algorithm_project\dotty-example-project\.metals\readonly\scala\Array.scala' because it doesn't belong to a build target.
WARN  code navigation does not work for the file 'D:\Dotty_repo\algorithm_project\dotty-example-project\.metals\readonly\scala\Array.scala' because it doesn't belong to a build target.
WARN  code navigation does not work for the file 'D:\Dotty_repo\algorithm_project\dotty-example-project\.metals\readonly\scala\Array.scala' because it doesn't belong to a build target.
WARN  no build target for: D:\Dotty_repo\algorithm_project\dotty-example-project\src\main\scala\ImpliedInstances.scala
WARN  code navigation does not work for the file 'D:\Dotty_repo\algorithm_project\dotty-example-project\src\main\scala\ArrayDemo.scala' because it doesn't belong to a build target.
WARN  code navigation does not work for the file 'D:\Dotty_repo\algorithm_project\dotty-example-project\src\main\scala\ArrayDemo.scala' because it doesn't belong to a build target.
WARN  no build target for: D:\Dotty_repo\algorithm_project\dotty-example-project\src\main\scala\ArrayDemo.scala
WARN  code navigation does not work for the file 'D:\Dotty_repo\algorithm_project\dotty-example-project\src\main\scala\ArrayDemo.scala' because it doesn't belong to a build target.
WARN  code navigation does not work for the file 'D:\Dotty_repo\algorithm_project\dotty-example-project\src\main\scala\ArrayDemo.scala' because it doesn't belong to a build target.
WARN  code navigation does not work for the file 'D:\Dotty_repo\algorithm_project\dotty-example-project\src\main\scala\ArrayDemo.scala' because it doesn't belong to a build target.
WARN  code navigation does not work for the file 'D:\Dotty_repo\algorithm_project\dotty-example-project\src\main\scala\ArrayDemo.scala' because it doesn't belong to a build target.
WARN  code navigation does not work for the file 'D:\Dotty_repo\algorithm_project\dotty-example-project\src\main\scala\ArrayDemo.scala' because it doesn't belong to a build target.
WARN  code navigation does not work for the file 'D:\Dotty_repo\algorithm_project\dotty-example-project\src\main\scala\ArrayDemo.scala' because it doesn't belong to a build target.
WARN  code navigation does not work for the file 'D:\Dotty_repo\algorithm_project\dotty-example-project\src\main\scala\ArrayDemo.scala' because it doesn't belong to a build target.
WARN  code navigation does not work for the file 'D:\Dotty_repo\algorithm_project\dotty-example-project\src\main\scala\ArrayDemo.scala' because it doesn't belong to a build target.
WARN  code navigation does not work for the file 'D:\Dotty_repo\algorithm_project\dotty-example-project\src\main\scala\ArrayDemo.scala' because it doesn't belong to a build target.
WARN  code navigation does not work for the file 'D:\Dotty_repo\algorithm_project\dotty-example-project\src\main\scala\ArrayDemo.scala' because it doesn't belong to a build target.
WARN  code navigation does not work for the file 'D:\Dotty_repo\algorithm_project\dotty-example-project\src\main\scala\ArrayDemo.scala' because it doesn't belong to a build target.
WARN  code navigation does not work for the file 'D:\Dotty_repo\algorithm_project\dotty-example-project\src\main\scala\ArrayDemo.scala' because it doesn't belong to a build target.
WARN  code navigation does not work for the file 'D:\Dotty_repo\algorithm_project\dotty-example-project\src\main\scala\ArrayDemo.scala' because it doesn't belong to a build target.
WARN  code navigation does not work for the file 'D:\Dotty_repo\algorithm_project\dotty-example-project\src\main\scala\ArrayDemo.scala' because it doesn't belong to a build target.
WARN  code navigation does not work for the file 'D:\Dotty_repo\algorithm_project\dotty-example-project\src\main\scala\ArrayDemo.scala' because it doesn't belong to a build target.
WARN  code navigation does not work for the file 'D:\Dotty_repo\algorithm_project\dotty-example-project\src\main\scala\ArrayDemo.scala' because it doesn't belong to a build target.
WARN  no build target for: D:\Dotty_repo\algorithm_project\dotty-example-project\src\main\scala\ArrayDemo.scala
WARN  code navigation does not work for the file 'D:\Dotty_repo\algorithm_project\dotty-example-project\src\main\scala\ArrayDemo.scala' because it doesn't belong to a build target.
WARN  code navigation does not work for the file 'D:\Dotty_repo\algorithm_project\dotty-example-project\src\main\scala\ArrayDemo.scala' because it doesn't belong to a build target.
WARN  no build target for: D:\Dotty_repo\algorithm_project\dotty-example-project\src\main\scala\ArrayDemo.scala
something's wrong: no file:///d%3A/Dotty_repo/algorithm_project/dotty-example-project/src/main/scala/ArrayDemo.scala in ArrayDemo.Array2[B]RangePosition(file:///d%3A/Dotty_repo/algorithm_project/dotty-example-project/src/main/scala/ArrayDemo.scala, 501, 501, 510)
WARN  no build target for: D:\Dotty_repo\algorithm_project\dotty-example-project\src\main\scala\ArrayDemo.scala
WARN  no build target for: D:\Dotty_repo\algorithm_project\dotty-example-project\src\main\scala\ArrayDemo.scala
四月 08, 2020 10:11:10 上午 org.eclipse.lsp4j.jsonrpc.RemoteEndpoint handleCancellation
警告: Unmatched cancel notification for request id 4194
WARN  no build target for: D:\Dotty_repo\algorithm_project\dotty-example-project\src\main\scala\ArrayDemo.scala
WARN  code navigation does not work for the file 'D:\Dotty_repo\algorithm_project\dotty-example-project\src\main\scala\ArrayDemo.scala' because it doesn't belong to a build target.
WARN  code navigation does not work for the file 'D:\Dotty_repo\algorithm_project\dotty-example-project\src\main\scala\ArrayDemo.scala' because it doesn't belong to a build target.
WARN  code navigation does not work for the file 'D:\Dotty_repo\algorithm_project\dotty-example-project\src\main\scala\ArrayDemo.scala' because it doesn't belong to a build target.
WARN  code navigation does not work for the file 'D:\Dotty_repo\algorithm_project\dotty-example-project\src\main\scala\ArrayDemo.scala' because it doesn't belong to a build target.
WARN  code navigation does not work for the file 'D:\Dotty_repo\algorithm_project\dotty-example-project\src\main\scala\ArrayDemo.scala' because it doesn't belong to a build target.
WARN  code navigation does not work for the file 'D:\Dotty_repo\algorithm_project\dotty-example-project\src\main\scala\ArrayDemo.scala' because it doesn't belong to a build target.
WARN  code navigation does not work for the file 'D:\Dotty_repo\algorithm_project\dotty-example-project\src\main\scala\ArrayDemo.scala' because it doesn't belong to a build target.
WARN  code navigation does not work for the file 'D:\Dotty_repo\algorithm_project\dotty-example-project\src\main\scala\ArrayDemo.scala' because it doesn't belong to a build target.
WARN  code navigation does not work for the file 'D:\Dotty_repo\algorithm_project\dotty-example-project\src\main\scala\ArrayDemo.scala' because it doesn't belong to a build target.
WARN  code navigation does not work for the file 'D:\Dotty_repo\algorithm_project\dotty-example-project\src\main\scala\ArrayDemo.scala' because it doesn't belong to a build target.
WARN  no build target for: D:\Dotty_repo\algorithm_project\dotty-example-project\src\main\scala\ArrayDemo.scala
WARN  code navigation does not work for the file 'D:\Dotty_repo\algorithm_project\dotty-example-project\src\main\scala\ArrayDemo.scala' because it doesn't belong to a build target.
WARN  code navigation does not work for the file 'D:\Dotty_repo\algorithm_project\dotty-example-project\src\main\scala\ArrayDemo.scala' because it doesn't belong to a build target.
WARN  no build target for: D:\Dotty_repo\algorithm_project\dotty-example-project\src\main\scala\ArrayDemo.scala
WARN  code navigation does not work for the file 'D:\Dotty_repo\algorithm_project\dotty-example-project\src\main\scala\ArrayDemo.scala' because it doesn't belong to a build target.
WARN  code navigation does not work for the file 'D:\Dotty_repo\algorithm_project\dotty-example-project\src\main\scala\ArrayDemo.scala' because it doesn't belong to a build target.
WARN  no build target for: D:\Dotty_repo\algorithm_project\dotty-example-project\src\main\scala\ArrayDemo.scala
WARN  no build target for: D:\Dotty_repo\algorithm_project\dotty-example-project\src\main\scala\ArrayDemo.scala
WARN  no build target for: D:\Dotty_repo\algorithm_project\dotty-example-project\src\main\scala\ArrayDemo.scala
WARN  no build target for: D:\Dotty_repo\algorithm_project\dotty-example-project\src\main\scala\ArrayDemo.scala
WARN  no build target for: D:\Dotty_repo\algorithm_project\dotty-example-project\src\main\scala\ArrayDemo.scala
WARN  no build target for: D:\Dotty_repo\algorithm_project\dotty-example-project\src\main\scala\ArrayDemo.scala
WARN  no build target for: D:\Dotty_repo\algorithm_project\dotty-example-project\src\main\scala\ArrayDemo.scala
WARN  no build target for: D:\Dotty_repo\algorithm_project\dotty-example-project\src\main\scala\ArrayDemo.scala
WARN  no build target for: D:\Dotty_repo\algorithm_project\dotty-example-project\src\main\scala\ArrayDemo.scala
WARN  no build target for: D:\Dotty_repo\algorithm_project\dotty-example-project\src\main\scala\ArrayDemo.scala
WARN  no build target for: D:\Dotty_repo\algorithm_project\dotty-example-project\src\main\scala\ArrayDemo.scala
WARN  no build target for: D:\Dotty_repo\algorithm_project\dotty-example-project\src\main\scala\ArrayDemo.scala
WARN  code navigation does not work for the file 'D:\Dotty_repo\algorithm_project\dotty-example-project\src\main\scala\ArrayDemo.scala' because it doesn't belong to a build target.
WARN  code navigation does not work for the file 'D:\Dotty_repo\algorithm_project\dotty-example-project\src\main\scala\ArrayDemo.scala' because it doesn't belong to a build target.
WARN  code navigation does not work for the file 'D:\Dotty_repo\algorithm_project\dotty-example-project\src\main\scala\ArrayDemo.scala' because it doesn't belong to a build target.
WARN  code navigation does not work for the file 'D:\Dotty_repo\algorithm_project\dotty-example-project\src\main\scala\ArrayDemo.scala' because it doesn't belong to a build target.
WARN  code navigation does not work for the file 'D:\Dotty_repo\algorithm_project\dotty-example-project\src\main\scala\ArrayDemo.scala' because it doesn't belong to a build target.
WARN  code navigation does not work for the file 'D:\Dotty_repo\algorithm_project\dotty-example-project\src\main\scala\ArrayDemo.scala' because it doesn't belong to a build target.
WARN  code navigation does not work for the file 'D:\Dotty_repo\algorithm_project\dotty-example-project\src\main\scala\ArrayDemo.scala' because it doesn't belong to a build target.
WARN  code navigation does not work for the file 'D:\Dotty_repo\algorithm_project\dotty-example-project\src\main\scala\ArrayDemo.scala' because it doesn't belong to a build target.
WARN  code navigation does not work for the file 'D:\Dotty_repo\algorithm_project\dotty-example-project\src\main\scala\ArrayDemo.scala' because it doesn't belong to a build target.
WARN  code navigation does not work for the file 'D:\Dotty_repo\algorithm_project\dotty-example-project\src\main\scala\ArrayDemo.scala' because it doesn't belong to a build target.
WARN  code navigation does not work for the file 'D:\Dotty_repo\algorithm_project\dotty-example-project\src\main\scala\ArrayDemo.scala' because it doesn't belong to a build target.
WARN  code navigation does not work for the file 'D:\Dotty_repo\algorithm_project\dotty-example-project\src\main\scala\ArrayDemo.scala' because it doesn't belong to a build target.
WARN  code navigation does not work for the file 'D:\Dotty_repo\algorithm_project\dotty-example-project\src\main\scala\ArrayDemo.scala' because it doesn't belong to a build target.
WARN  code navigation does not work for the file 'D:\Dotty_repo\algorithm_project\dotty-example-project\src\main\scala\ArrayDemo.scala' because it doesn't belong to a build target.
WARN  no build target for: D:\Dotty_repo\algorithm_project\dotty-example-project\src\main\scala\ArrayDemo.scala
WARN  no build target for: D:\Dotty_repo\algorithm_project\dotty-example-project\src\main\scala\ArrayDemo.scala
WARN  no build target for: D:\Dotty_repo\algorithm_project\dotty-example-project\src\main\scala\ArrayDemo.scala
WARN  code navigation does not work for the file 'D:\Dotty_repo\algorithm_project\dotty-example-project\src\main\scala\ArrayDemo.scala' because it doesn't belong to a build target.
WARN  code navigation does not work for the file 'D:\Dotty_repo\algorithm_project\dotty-example-project\src\main\scala\ArrayDemo.scala' because it doesn't belong to a build target.
WARN  code navigation does not work for the file 'D:\Dotty_repo\algorithm_project\dotty-example-project\src\main\scala\ArrayDemo.scala' because it doesn't belong to a build target.
WARN  code navigation does not work for the file 'D:\Dotty_repo\algorithm_project\dotty-example-project\src\main\scala\ArrayDemo.scala' because it doesn't belong to a build target.
WARN  code navigation does not work for the file 'D:\Dotty_repo\algorithm_project\dotty-example-project\src\main\scala\ArrayDemo.scala' because it doesn't belong to a build target.
WARN  code navigation does not work for the file 'D:\Dotty_repo\algorithm_project\dotty-example-project\src\main\scala\ArrayDemo.scala' because it doesn't belong to a build target.
WARN  no build target for: D:\Dotty_repo\algorithm_project\dotty-example-project\src\main\scala\ArrayDemo.scala
WARN  no build target for: D:\Dotty_repo\algorithm_project\dotty-example-project\src\main\scala\ArrayDemo.scala
WARN  no build target for: D:\Dotty_repo\algorithm_project\dotty-example-project\src\main\scala\ArrayDemo.scala
WARN  code navigation does not work for the file 'D:\Dotty_repo\algorithm_project\dotty-example-project\src\main\scala\ArrayDemo.scala' because it doesn't belong to a build target.
WARN  code navigation does not work for the file 'D:\Dotty_repo\algorithm_project\dotty-example-project\src\main\scala\ArrayDemo.scala' because it doesn't belong to a build target.
WARN  code navigation does not work for the file 'D:\Dotty_repo\algorithm_project\dotty-example-project\src\main\scala\ArrayDemo.scala' because it doesn't belong to a build target.
WARN  code navigation does not work for the file 'D:\Dotty_repo\algorithm_project\dotty-example-project\src\main\scala\ArrayDemo.scala' because it doesn't belong to a build target.
WARN  no build target for: D:\Dotty_repo\algorithm_project\dotty-example-project\src\main\scala\ArrayDemo.scala
WARN  no build target for: D:\Dotty_repo\algorithm_project\dotty-example-project\src\main\scala\ArrayDemo.scala
WARN  no build target for: D:\Dotty_repo\algorithm_project\dotty-example-project\src\main\scala\ArrayDemo.scala
WARN  code navigation does not work for the file 'D:\Dotty_repo\algorithm_project\dotty-example-project\src\main\scala\ArrayDemo.scala' because it doesn't belong to a build target.
WARN  code navigation does not work for the file 'D:\Dotty_repo\algorithm_project\dotty-example-project\src\main\scala\ArrayDemo.scala' because it doesn't belong to a build target.
WARN  code navigation does not work for the file 'D:\Dotty_repo\algorithm_project\dotty-example-project\src\main\scala\ArrayDemo.scala' because it doesn't belong to a build target.
WARN  code navigation does not work for the file 'D:\Dotty_repo\algorithm_project\dotty-example-project\src\main\scala\ArrayDemo.scala' because it doesn't belong to a build target.
WARN  code navigation does not work for the file 'D:\Dotty_repo\algorithm_project\dotty-example-project\src\main\scala\ArrayDemo.scala' because it doesn't belong to a build target.
WARN  code navigation does not work for the file 'D:\Dotty_repo\algorithm_project\dotty-example-project\src\main\scala\ArrayDemo.scala' because it doesn't belong to a build target.
WARN  no build target for: D:\Dotty_repo\algorithm_project\dotty-example-project\src\main\scala\ArrayDemo.scala
WARN  no build target for: D:\Dotty_repo\algorithm_project\dotty-example-project\src\main\scala\ArrayDemo.scala
WARN  no build target for: D:\Dotty_repo\algorithm_project\dotty-example-project\src\main\scala\ArrayDemo.scala
something's wrong: no file:///d%3A/Dotty_repo/algorithm_project/dotty-example-project/src/main/scala/ArrayDemo.scala in ArrayDemo.Array2[B]RangePosition(file:///d%3A/Dotty_repo/algorithm_project/dotty-example-project/src/main/scala/ArrayDemo.scala, 558, 558, 567)
WARN  no build target for: D:\Dotty_repo\algorithm_project\dotty-example-project\src\main\scala\ArrayDemo.scala
WARN  no build target for: D:\Dotty_repo\algorithm_project\dotty-example-project\src\main\scala\ArrayDemo.scala
WARN  no build target for: D:\Dotty_repo\algorithm_project\dotty-example-project\src\main\scala\ArrayDemo.scala
WARN  no build target for: D:\Dotty_repo\algorithm_project\dotty-example-project\src\main\scala\ArrayDemo.scala
WARN  no build target for: D:\Dotty_repo\algorithm_project\dotty-example-project\src\main\scala\ArrayDemo.scala
WARN  no build target for: D:\Dotty_repo\algorithm_project\dotty-example-project\src\main\scala\ArrayDemo.scala
WARN  no build target for: D:\Dotty_repo\algorithm_project\dotty-example-project\src\main\scala\ArrayDemo.scala
WARN  no build target for: D:\Dotty_repo\algorithm_project\dotty-example-project\src\main\scala\ArrayDemo.scala
WARN  no build target for: D:\Dotty_repo\algorithm_project\dotty-example-project\src\main\scala\ArrayDemo.scala
WARN  no build target for: D:\Dotty_repo\algorithm_project\dotty-example-project\src\main\scala\ArrayDemo.scala
WARN  no build target for: D:\Dotty_repo\algorithm_project\dotty-example-project\src\main\scala\ArrayDemo.scala
WARN  no build target for: D:\Dotty_repo\algorithm_project\dotty-example-project\src\main\scala\ArrayDemo.scala
WARN  no build target for: D:\Dotty_repo\algorithm_project\dotty-example-project\src\main\scala\ArrayDemo.scala
WARN  no build target for: D:\Dotty_repo\algorithm_project\dotty-example-project\src\main\scala\ArrayDemo.scala
WARN  no build target for: D:\Dotty_repo\algorithm_project\dotty-example-project\src\main\scala\ArrayDemo.scala
WARN  code navigation does not work for the file 'D:\Dotty_repo\algorithm_project\dotty-example-project\src\main\scala\ArrayDemo.scala' because it doesn't belong to a build target.
WARN  code navigation does not work for the file 'D:\Dotty_repo\algorithm_project\dotty-example-project\src\main\scala\ArrayDemo.scala' because it doesn't belong to a build target.
WARN  code navigation does not work for the file 'D:\Dotty_repo\algorithm_project\dotty-example-project\src\main\scala\ArrayDemo.scala' because it doesn't belong to a build target.
WARN  code navigation does not work for the file 'D:\Dotty_repo\algorithm_project\dotty-example-project\src\main\scala\ArrayDemo.scala' because it doesn't belong to a build target.
WARN  code navigation does not work for the file 'D:\Dotty_repo\algorithm_project\dotty-example-project\src\main\scala\ArrayDemo.scala' because it doesn't belong to a build target.
WARN  code navigation does not work for the file 'D:\Dotty_repo\algorithm_project\dotty-example-project\src\main\scala\ArrayDemo.scala' because it doesn't belong to a build target.
WARN  no build target for: D:\Dotty_repo\algorithm_project\dotty-example-project\src\main\scala\ArrayDemo.scala
something's wrong: no file:///d%3A/Dotty_repo/algorithm_project/dotty-example-project/src/main/scala/ArrayDemo.scala in <error>*RangePosition(file:///d%3A/Dotty_repo/algorithm_project/dotty-example-project/src/main/scala/ArrayDemo.scala, 1265, 1265, 1267)
WARN  no build target for: D:\Dotty_repo\algorithm_project\dotty-example-project\src\main\scala\ArrayDemo.scala
WARN  no build target for: D:\Dotty_repo\algorithm_project\dotty-example-project\src\main\scala\ArrayDemo.scala
WARN  no build target for: D:\Dotty_repo\algorithm_project\dotty-example-project\src\main\scala\ArrayDemo.scala
something's wrong: no file:///d%3A/Dotty_repo/algorithm_project/dotty-example-project/src/main/scala/ArrayDemo.scala in scala.reflect.ClassTag[A]RangePosition(file:///d%3A/Dotty_repo/algorithm_project/dotty-example-project/src/main/scala/ArrayDemo.scala, 1260, 1260, 1270)
WARN  no build target for: D:\Dotty_repo\algorithm_project\dotty-example-project\src\main\scala\ArrayDemo.scala
WARN  no build target for: D:\Dotty_repo\algorithm_project\dotty-example-project\src\main\scala\ArrayDemo.scala
WARN  no build target for: D:\Dotty_repo\algorithm_project\dotty-example-project\src\main\scala\ArrayDemo.scala
something's wrong: no file:///d%3A/Dotty_repo/algorithm_project/dotty-example-project/.metals/readonly/scala/Array.scala in Int => TRangePosition(file:///d%3A/Dotty_repo/algorithm_project/dotty-example-project/.metals/readonly/scala/Array.scala, 14313, 14317, 14321)
INFO  shutting down Metals
INFO  started: Metals version 0.8.3 in workspace 'D:\Dotty_repo\algorithm_project\dotty-example-project'
INFO  time: initialize in 0.5s
INFO  skipping build import with status 'Installed'
WARN  no build target for: D:\Dotty_repo\algorithm_project\dotty-example-project\src\main\scala\ImpliedInstances.scala
Starting the bsp launcher for bloop...
Opening a bsp server connection with 'bsp --protocol tcp --port 38232'...
Waiting for the bsp connection to come up...
Waiting for the bsp connection to come up...
Waiting for the bsp connection to come up...
Waiting for the bsp connection to come up...
Waiting for the bsp connection to come up...
Waiting for the bsp connection to come up...
Waiting for the bsp connection to come up...
Waiting for the bsp connection to come up...
Waiting for the bsp connection to come up...
No server running at 127.0.0.1:8212, let's fire one...
Resolving ch.epfl.scala:bloop-frontend_2.12:1.4.0-RC1-105-118a551b...
Starting bloop server at 127.0.0.1:8212...
Attempting a connection to the server...
[0m[32m[D][0m Loading 2 projects from 'd:\Dotty_repo\algorithm_project\dotty-example-project\.bloop'...
[0m[32m[D][0m Loading project from 'd:\Dotty_repo\algorithm_project\dotty-example-project\.bloop\root-test.json'
[0m[32m[D][0m Loading project from 'd:\Dotty_repo\algorithm_project\dotty-example-project\.bloop\root.json'
[0m[32m[D][0m Cache miss for scala instance ch.epfl.lamp:scala-compiler:0.23.0-RC1.
[0m[32m[D][0m   => C:\Users\Abner\AppData\Local\Coursier\cache\v1\https\repo.huaweicloud.com\repository\maven\ch\epfl\lamp\dotty-compiler_0.23\0.23.0-RC1\dotty-compiler_0.23-0.23.0-RC1.jar
[0m[32m[D][0m   => C:\Users\Abner\AppData\Local\Coursier\cache\v1\https\repo.huaweicloud.com\repository\maven\ch\epfl\lamp\dotty-interfaces\0.23.0-RC1\dotty-interfaces-0.23.0-RC1.jar
[0m[32m[D][0m   => C:\Users\Abner\AppData\Local\Coursier\cache\v1\https\repo.huaweicloud.com\repository\maven\ch\epfl\lamp\dotty-library_0.23\0.23.0-RC1\dotty-library_0.23-0.23.0-RC1.jar
[0m[32m[D][0m   => C:\Users\Abner\AppData\Local\Coursier\cache\v1\https\repo.huaweicloud.com\repository\maven\ch\epfl\lamp\tasty-core_0.23\0.23.0-RC1\tasty-core_0.23-0.23.0-RC1.jar
[0m[32m[D][0m   => C:\Users\Abner\AppData\Local\Coursier\cache\v1\https\repo.huaweicloud.com\repository\maven\org\scala-lang\modules\scala-asm\7.3.1-scala-1\scala-asm-7.3.1-scala-1.jar
[0m[32m[D][0m   => C:\Users\Abner\AppData\Local\Coursier\cache\v1\https\repo1.maven.org\maven2\net\java\dev\jna\jna\4.2.2\jna-4.2.2.jar
[0m[32m[D][0m   => C:\Users\Abner\AppData\Local\Coursier\cache\v1\https\repo1.maven.org\maven2\org\jline\jline-reader\3.9.0\jline-reader-3.9.0.jar
[0m[32m[D][0m   => C:\Users\Abner\AppData\Local\Coursier\cache\v1\https\repo1.maven.org\maven2\org\jline\jline-terminal-jna\3.9.0\jline-terminal-jna-3.9.0.jar
[0m[32m[D][0m   => C:\Users\Abner\AppData\Local\Coursier\cache\v1\https\repo1.maven.org\maven2\org\jline\jline-terminal\3.9.0\jline-terminal-3.9.0.jar
[0m[32m[D][0m   => C:\Users\Abner\AppData\Local\Coursier\cache\v1\https\repo1.maven.org\maven2\org\scala-lang\scala-library\2.13.1\scala-library-2.13.1.jar
[0m[32m[D][0m   => C:\Users\Abner\AppData\Local\Coursier\cache\v1\https\repo1.maven.org\maven2\org\scala-sbt\compiler-interface\1.2.5\compiler-interface-1.2.5.jar
[0m[32m[D][0m   => C:\Users\Abner\AppData\Local\Coursier\cache\v1\https\repo1.maven.org\maven2\org\scala-sbt\util-interface\1.2.2\util-interface-1.2.2.jar
[0m[32m[D][0m Missing analysis file for project 'root'
[0m[32m[D][0m Missing analysis file for project 'root-test'
[0m[32m[D][0m Waiting for a connection at 127.0.0.1:38232...
The server is listening for incoming connections at tcp://127.0.0.1:38232...
Starting thread that pumps stdin and redirects it to the bsp server...
Starting thread that pumps server stdout and redirects it to the client stdout...
INFO  tracing is disabled for protocol BSP, to enable tracing of incoming and outgoing JSON messages create an empty file at C:\Users\Abner\AppData\Local\scalameta\metals\cache\bsp.trace.json
INFO  time: connected to build server in 11s
INFO  Connected to Build server v1.4.0-RC1-105-118a551b
INFO  time: imported build in 0.17s
INFO  time: indexed workspace in 2.02s
WARN  unsupported Scala 0.23.0-RC1
INFO  compiling root (15 scala sources)
INFO  time: compiled root in 10s
WARN  unsupported Scala 0.23.0-RC1
四月 08, 2020 11:02:47 上午 org.eclipse.lsp4j.jsonrpc.services.GenericEndpoint notify
信息: Unsupported notification method: $/setTraceNotification
INFO  shutting down Metals
No more data in the client stdin, exiting...
No more data in the server stdin, exiting...
INFO  started: Metals version 0.8.3 in workspace 'D:\Dotty_repo\algorithm_project\dotty-example-project'
INFO  time: initialize in 0.26s
INFO  skipping build import with status 'Installed'
WARN  no build target for: D:\Dotty_repo\algorithm_project\dotty-example-project\src\main\scala\ImpliedInstances.scala
Starting the bsp launcher for bloop...
Opening a bsp server connection with 'bsp --protocol tcp --port 37418'...
Waiting for the bsp connection to come up...
[0m[32m[D][0m Loading workspace settings from bloop.settings.json
[0m[32m[D][0m Waiting for a connection at 127.0.0.1:37418...
The server is listening for incoming connections at tcp://127.0.0.1:37418...
Starting thread that pumps stdin and redirects it to the bsp server...
Starting thread that pumps server stdout and redirects it to the client stdout...
INFO  tracing is disabled for protocol BSP, to enable tracing of incoming and outgoing JSON messages create an empty file at C:\Users\Abner\AppData\Local\scalameta\metals\cache\bsp.trace.json
INFO  time: connected to build server in 2.02s
INFO  Connected to Build server v1.4.0-RC1-105-118a551b
INFO  time: indexed workspace in 0.77s
WARN  unsupported Scala 0.23.0-RC1
INFO  compiling root (15 scala sources)
INFO  time: compiled root in 1.72s
WARN  unsupported Scala 0.23.0-RC1
WARN  unsupported Scala 0.23.0-RC1
INFO  compiling root (1 scala source)
INFO  time: compiled root in 0.37s
WARN  unsupported Scala 0.23.0-RC1
WARN  unsupported Scala 0.23.0-RC1
WARN  unsupported Scala 0.23.0-RC1
WARN  unsupported Scala 0.23.0-RC1
WARN  unsupported Scala 0.23.0-RC1
WARN  unsupported Scala 0.23.0-RC1
WARN  unsupported Scala 0.23.0-RC1
WARN  unsupported Scala 0.23.0-RC1
WARN  unsupported Scala 0.23.0-RC1
WARN  unsupported Scala 0.23.0-RC1
WARN  unsupported Scala 0.23.0-RC1
WARN  unsupported Scala 0.23.0-RC1
WARN  unsupported Scala 0.23.0-RC1
INFO  compiling root (1 scala source)
INFO  time: compiled root in 0.49s
WARN  unsupported Scala 0.23.0-RC1
INFO  shutting down Metals
No more data in the client stdin, exiting...
No more data in the server stdin, exiting...
INFO  started: Metals version 0.8.3 in workspace 'D:\Dotty_repo\algorithm_project\dotty-example-project2'
INFO  time: initialize in 0.25s
WARN  no build target for: D:\Dotty_repo\algorithm_project\dotty-example-project2\src\main\scala\ArrayDemo.scala
Starting the bsp launcher for bloop...
Opening a bsp server connection with 'bsp --protocol tcp --port 38796'...
Waiting for the bsp connection to come up...
[0m[32m[D][0m Loading workspace settings from bloop.settings.json
[0m[32m[D][0m Loading 2 projects from 'd:\Dotty_repo\algorithm_project\dotty-example-project2\.bloop'...
[0m[32m[D][0m Loading project from 'd:\Dotty_repo\algorithm_project\dotty-example-project2\.bloop\root.json'
[0m[32m[D][0m Loading project from 'd:\Dotty_repo\algorithm_project\dotty-example-project2\.bloop\root-test.json'
[0m[32m[D][0m Skipped configuration of SemanticDB in unsupported 0.23.0-RC1 projects
[0m[32m[D][0m Missing analysis file for project 'root-test'
[0m[32m[D][0m Missing analysis file for project 'root'
[0m[32m[D][0m Waiting for a connection at 127.0.0.1:38796...
The server is listening for incoming connections at tcp://127.0.0.1:38796...
Starting thread that pumps stdin and redirects it to the bsp server...
Starting thread that pumps server stdout and redirects it to the client stdout...
INFO  tracing is disabled for protocol BSP, to enable tracing of incoming and outgoing JSON messages create an empty file at C:\Users\Abner\AppData\Local\scalameta\metals\cache\bsp.trace.json
INFO  time: connected to build server in 2.08s
INFO  Connected to Build server v1.4.0-RC1-105-118a551b
INFO  time: indexed workspace in 0.74s
WARN  no build target for: D:\Dotty_repo\algorithm_project\dotty-example-project2\src\main\scala\ArrayDemo.scala
INFO  running 'C:\Program Files\Java\jdk1.8.0_121\jre\bin\java -Djline.terminal=jline.UnsupportedTerminal -Dsbt.log.noformat=true -Dfile.encoding=UTF-8 -jar C:\Users\Abner\AppData\Local\Temp\metals573296870980578949\sbt-launch.jar -Dbloop.export-jar-classifiers=sources bloopInstall'
INFO  [info] Loading global plugins from C:\Users\Abner\.sbt\1.0\plugins
INFO  [info] Loading settings for project dotty-example-project2-build from metals.sbt,plugins.sbt ...
INFO  [info] Loading project definition from D:\Dotty_repo\algorithm_project\dotty-example-project2\project
INFO  [info] Loading settings for project root from build.sbt ...
INFO  [info] Set current project to dotty-example-project (in build file:/D:/Dotty_repo/algorithm_project/dotty-example-project2/)
INFO  [success] Generated .bloop\root.json
INFO  [success] Generated .bloop\root-test.json
INFO  [success] Total time: 1 s, completed 2020-4-8 13:10:06
INFO  build tool exit: 0
INFO  time: ran 'sbt bloopInstall' in 12s
INFO  disconnected: build server
No more data in the client stdin, exiting...
No more data in the server stdin, exiting...
Starting the bsp launcher for bloop...
Opening a bsp server connection with 'bsp --protocol tcp --port 39119'...
Waiting for the bsp connection to come up...
[0m[32m[D][0m Loading workspace settings from bloop.settings.json
[0m[32m[D][0m Loading 2 projects from 'd:\Dotty_repo\algorithm_project\dotty-example-project2\.bloop'...
[0m[32m[D][0m Loading project from 'd:\Dotty_repo\algorithm_project\dotty-example-project2\.bloop\root.json'
[0m[32m[D][0m Loading project from 'd:\Dotty_repo\algorithm_project\dotty-example-project2\.bloop\root-test.json'
[0m[32m[D][0m Skipped configuration of SemanticDB in unsupported 0.23.0-RC1 projects
[0m[32m[D][0m Waiting for a connection at 127.0.0.1:39119...
The server is listening for incoming connections at tcp://127.0.0.1:39119...
Starting thread that pumps stdin and redirects it to the bsp server...
Starting thread that pumps server stdout and redirects it to the client stdout...
INFO  tracing is disabled for protocol BSP, to enable tracing of incoming and outgoing JSON messages create an empty file at C:\Users\Abner\AppData\Local\scalameta\metals\cache\bsp.trace.json
INFO  time: connected to build server in 0.65s
INFO  Connected to Build server v1.4.0-RC1-105-118a551b
INFO  time: indexed workspace in 0.23s
WARN  unsupported Scala 0.23.0-RC1
INFO  compiling root (15 scala sources)
INFO  time: compiled root in 4.95s
WARN  unsupported Scala 0.23.0-RC1
WARN  unsupported Scala 0.23.0-RC1
WARN  unsupported Scala 0.23.0-RC1
WARN  unsupported Scala 0.23.0-RC1
WARN  unsupported Scala 0.23.0-RC1
WARN  unsupported Scala 0.23.0-RC1
WARN  unsupported Scala 0.23.0-RC1
WARN  unsupported Scala 0.23.0-RC1
WARN  unsupported Scala 0.23.0-RC1
WARN  unsupported Scala 0.23.0-RC1
WARN  unsupported Scala 0.23.0-RC1
WARN  unsupported Scala 0.23.0-RC1
WARN  unsupported Scala 0.23.0-RC1
WARN  unsupported Scala 0.23.0-RC1
WARN  unsupported Scala 0.23.0-RC1
WARN  unsupported Scala 0.23.0-RC1
WARN  unsupported Scala 0.23.0-RC1
WARN  unsupported Scala 0.23.0-RC1
WARN  unsupported Scala 0.23.0-RC1
WARN  unsupported Scala 0.23.0-RC1
WARN  unsupported Scala 0.23.0-RC1
WARN  unsupported Scala 0.23.0-RC1
WARN  unsupported Scala 0.23.0-RC1
WARN  unsupported Scala 0.23.0-RC1
WARN  unsupported Scala 0.23.0-RC1
INFO  compiling root (1 scala source)
INFO  time: compiled root in 1.01s
INFO  compiling root (1 scala source)
INFO  time: compiled root in 0.69s
WARN  unsupported Scala 0.23.0-RC1
WARN  unsupported Scala 0.23.0-RC1
WARN  unsupported Scala 0.23.0-RC1
WARN  unsupported Scala 0.23.0-RC1
WARN  unsupported Scala 0.23.0-RC1
WARN  unsupported Scala 0.23.0-RC1
INFO  compiling root (1 scala source)
INFO  time: compiled root in 0.6s
WARN  unsupported Scala 0.23.0-RC1
INFO  compiling root (1 scala source)
WARN  unsupported Scala 0.23.0-RC1
INFO  time: compiled root in 0.56s
WARN  unsupported Scala 0.23.0-RC1
INFO  compiling root (1 scala source)
INFO  time: compiled root in 0.23s
WARN  unsupported Scala 0.23.0-RC1
WARN  unsupported Scala 0.23.0-RC1
INFO  compiling root (1 scala source)
INFO  time: compiled root in 0.2s
WARN  unsupported Scala 0.23.0-RC1
WARN  unsupported Scala 0.23.0-RC1
WARN  unsupported Scala 0.23.0-RC1
WARN  unsupported Scala 0.23.0-RC1
WARN  unsupported Scala 0.23.0-RC1
WARN  unsupported Scala 0.23.0-RC1
WARN  unsupported Scala 0.23.0-RC1
WARN  unsupported Scala 0.23.0-RC1
WARN  unsupported Scala 0.23.0-RC1
WARN  unsupported Scala 0.23.0-RC1
WARN  unsupported Scala 0.23.0-RC1
WARN  unsupported Scala 0.23.0-RC1
WARN  unsupported Scala 0.23.0-RC1
WARN  unsupported Scala 0.23.0-RC1
WARN  unsupported Scala 0.23.0-RC1
WARN  unsupported Scala 0.23.0-RC1
WARN  unsupported Scala 0.23.0-RC1
WARN  unsupported Scala 0.23.0-RC1
INFO  compiling root (1 scala source)
INFO  time: compiled root in 0.56s
INFO  compiling root (1 scala source)
INFO  time: compiled root in 0.5s
WARN  unsupported Scala 0.23.0-RC1
WARN  unsupported Scala 0.23.0-RC1
WARN  unsupported Scala 0.23.0-RC1
ERROR code navigation does not work for the file 'D:\Dotty_repo\algorithm_project\dotty-example-project2\src\main\scala\ArrayDemo.scala' because the Scala version 0.23.0-RC1 is not supported. To fix this problem, change the Scala version to 2.13.1 or 2.12.11 or 2.11.12.
ERROR code navigation does not work for the file 'D:\Dotty_repo\algorithm_project\dotty-example-project2\src\main\scala\ArrayDemo.scala' because the Scala version 0.23.0-RC1 is not supported. To fix this problem, change the Scala version to 2.13.1 or 2.12.11 or 2.11.12.
WARN  unsupported Scala 0.23.0-RC1
WARN  unsupported Scala 0.23.0-RC1
ERROR code navigation does not work for the file 'D:\Dotty_repo\algorithm_project\dotty-example-project2\src\main\scala\ArrayDemo.scala' because the Scala version 0.23.0-RC1 is not supported. To fix this problem, change the Scala version to 2.13.1 or 2.12.11 or 2.11.12.
ERROR code navigation does not work for the file 'D:\Dotty_repo\algorithm_project\dotty-example-project2\src\main\scala\ArrayDemo.scala' because the Scala version 0.23.0-RC1 is not supported. To fix this problem, change the Scala version to 2.13.1 or 2.12.11 or 2.11.12.
WARN  unsupported Scala 0.23.0-RC1
WARN  unsupported Scala 0.23.0-RC1
WARN  unsupported Scala 0.23.0-RC1
WARN  unsupported Scala 0.23.0-RC1
WARN  unsupported Scala 0.23.0-RC1
WARN  unsupported Scala 0.23.0-RC1
WARN  unsupported Scala 0.23.0-RC1
WARN  unsupported Scala 0.23.0-RC1
WARN  unsupported Scala 0.23.0-RC1
WARN  unsupported Scala 0.23.0-RC1
WARN  unsupported Scala 0.23.0-RC1
INFO  compiling root (1 scala source)
INFO  time: compiled root in 0.47s
INFO  compiling root (1 scala source)
INFO  time: compiled root in 0.49s
INFO  compiling root (1 scala source)
INFO  time: compiled root in 0.37s
WARN  unsupported Scala 0.23.0-RC1
WARN  unsupported Scala 0.23.0-RC1
WARN  unsupported Scala 0.23.0-RC1
WARN  unsupported Scala 0.23.0-RC1
WARN  unsupported Scala 0.23.0-RC1
INFO  compiling root (1 scala source)
INFO  time: compiled root in 1.03s
INFO  compiling root (1 scala source)
INFO  time: compiled root in 0.35s
WARN  unsupported Scala 0.23.0-RC1
WARN  unsupported Scala 0.23.0-RC1
WARN  unsupported Scala 0.23.0-RC1
WARN  unsupported Scala 0.23.0-RC1
WARN  unsupported Scala 0.23.0-RC1
INFO  compiling root (1 scala source)
INFO  time: compiled root in 0.34s
WARN  unsupported Scala 0.23.0-RC1
INFO  compiling root (1 scala source)
INFO  time: compiled root in 0.34s
WARN  unsupported Scala 0.23.0-RC1
WARN  unsupported Scala 0.23.0-RC1
WARN  unsupported Scala 0.23.0-RC1
WARN  unsupported Scala 0.23.0-RC1
WARN  unsupported Scala 0.23.0-RC1
WARN  unsupported Scala 0.23.0-RC1
INFO  compiling root (1 scala source)
INFO  time: compiled root in 0.37s
INFO  compiling root (1 scala source)
INFO  time: compiled root in 0.43s
WARN  unsupported Scala 0.23.0-RC1
WARN  unsupported Scala 0.23.0-RC1
WARN  unsupported Scala 0.23.0-RC1
WARN  unsupported Scala 0.23.0-RC1
WARN  unsupported Scala 0.23.0-RC1
WARN  unsupported Scala 0.23.0-RC1
WARN  unsupported Scala 0.23.0-RC1
INFO  compiling root (1 scala source)
INFO  time: compiled root in 0.36s
INFO  compiling root (1 scala source)
INFO  time: compiled root in 0.37s
WARN  unsupported Scala 0.23.0-RC1
WARN  unsupported Scala 0.23.0-RC1
WARN  unsupported Scala 0.23.0-RC1
WARN  unsupported Scala 0.23.0-RC1
WARN  unsupported Scala 0.23.0-RC1
WARN  unsupported Scala 0.23.0-RC1
WARN  unsupported Scala 0.23.0-RC1
ERROR code navigation does not work for the file 'D:\Dotty_repo\algorithm_project\dotty-example-project2\src\main\scala\ArrayDemo.scala' because the Scala version 0.23.0-RC1 is not supported. To fix this problem, change the Scala version to 2.13.1 or 2.12.11 or 2.11.12.
ERROR code navigation does not work for the file 'D:\Dotty_repo\algorithm_project\dotty-example-project2\src\main\scala\ArrayDemo.scala' because the Scala version 0.23.0-RC1 is not supported. To fix this problem, change the Scala version to 2.13.1 or 2.12.11 or 2.11.12.
WARN  unsupported Scala 0.23.0-RC1
WARN  unsupported Scala 0.23.0-RC1
ERROR code navigation does not work for the file 'D:\Dotty_repo\algorithm_project\dotty-example-project2\src\main\scala\ArrayDemo.scala' because the Scala version 0.23.0-RC1 is not supported. To fix this problem, change the Scala version to 2.13.1 or 2.12.11 or 2.11.12.
ERROR code navigation does not work for the file 'D:\Dotty_repo\algorithm_project\dotty-example-project2\src\main\scala\ArrayDemo.scala' because the Scala version 0.23.0-RC1 is not supported. To fix this problem, change the Scala version to 2.13.1 or 2.12.11 or 2.11.12.
WARN  unsupported Scala 0.23.0-RC1
WARN  unsupported Scala 0.23.0-RC1
WARN  unsupported Scala 0.23.0-RC1
ERROR code navigation does not work for the file 'D:\Dotty_repo\algorithm_project\dotty-example-project2\src\main\scala\ArrayDemo.scala' because the Scala version 0.23.0-RC1 is not supported. To fix this problem, change the Scala version to 2.13.1 or 2.12.11 or 2.11.12.
ERROR code navigation does not work for the file 'D:\Dotty_repo\algorithm_project\dotty-example-project2\src\main\scala\ArrayDemo.scala' because the Scala version 0.23.0-RC1 is not supported. To fix this problem, change the Scala version to 2.13.1 or 2.12.11 or 2.11.12.
WARN  unsupported Scala 0.23.0-RC1
ERROR code navigation does not work for the file 'D:\Dotty_repo\algorithm_project\dotty-example-project2\src\main\scala\ArrayDemo.scala' because the Scala version 0.23.0-RC1 is not supported. To fix this problem, change the Scala version to 2.13.1 or 2.12.11 or 2.11.12.
ERROR code navigation does not work for the file 'D:\Dotty_repo\algorithm_project\dotty-example-project2\src\main\scala\ArrayDemo.scala' because the Scala version 0.23.0-RC1 is not supported. To fix this problem, change the Scala version to 2.13.1 or 2.12.11 or 2.11.12.
WARN  unsupported Scala 0.23.0-RC1
ERROR code navigation does not work for the file 'D:\Dotty_repo\algorithm_project\dotty-example-project2\src\main\scala\ArrayDemo.scala' because the Scala version 0.23.0-RC1 is not supported. To fix this problem, change the Scala version to 2.13.1 or 2.12.11 or 2.11.12.
ERROR code navigation does not work for the file 'D:\Dotty_repo\algorithm_project\dotty-example-project2\src\main\scala\ArrayDemo.scala' because the Scala version 0.23.0-RC1 is not supported. To fix this problem, change the Scala version to 2.13.1 or 2.12.11 or 2.11.12.
WARN  unsupported Scala 0.23.0-RC1
WARN  unsupported Scala 0.23.0-RC1
WARN  unsupported Scala 0.23.0-RC1
WARN  unsupported Scala 0.23.0-RC1
WARN  unsupported Scala 0.23.0-RC1
WARN  unsupported Scala 0.23.0-RC1
WARN  unsupported Scala 0.23.0-RC1
WARN  unsupported Scala 0.23.0-RC1
WARN  unsupported Scala 0.23.0-RC1
WARN  unsupported Scala 0.23.0-RC1
WARN  unsupported Scala 0.23.0-RC1
WARN  unsupported Scala 0.23.0-RC1
WARN  unsupported Scala 0.23.0-RC1
INFO  compiling root (1 scala source)
INFO  time: compiled root in 0.35s
WARN  unsupported Scala 0.23.0-RC1
INFO  compiling root (1 scala source)
INFO  time: compiled root in 0.33s
WARN  unsupported Scala 0.23.0-RC1
WARN  unsupported Scala 0.23.0-RC1
WARN  unsupported Scala 0.23.0-RC1
WARN  unsupported Scala 0.23.0-RC1
WARN  unsupported Scala 0.23.0-RC1
WARN  unsupported Scala 0.23.0-RC1
WARN  unsupported Scala 0.23.0-RC1
INFO  compiling root (1 scala source)
INFO  time: compiled root in 0.3s
INFO  compiling root (1 scala source)
WARN  unsupported Scala 0.23.0-RC1
INFO  time: compiled root in 1.74s
WARN  unsupported Scala 0.23.0-RC1
WARN  unsupported Scala 0.23.0-RC1
WARN  unsupported Scala 0.23.0-RC1
WARN  unsupported Scala 0.23.0-RC1
WARN  unsupported Scala 0.23.0-RC1
INFO  compiling root (1 scala source)
INFO  time: compiled root in 0.36s
WARN  unsupported Scala 0.23.0-RC1
WARN  unsupported Scala 0.23.0-RC1
INFO  compiling root (1 scala source)
INFO  time: compiled root in 0.35s
WARN  unsupported Scala 0.23.0-RC1
WARN  unsupported Scala 0.23.0-RC1
WARN  unsupported Scala 0.23.0-RC1
WARN  unsupported Scala 0.23.0-RC1
WARN  unsupported Scala 0.23.0-RC1
WARN  unsupported Scala 0.23.0-RC1
WARN  unsupported Scala 0.23.0-RC1
WARN  unsupported Scala 0.23.0-RC1
WARN  unsupported Scala 0.23.0-RC1
WARN  unsupported Scala 0.23.0-RC1
WARN  unsupported Scala 0.23.0-RC1
INFO  compiling root (1 scala source)
INFO  time: compiled root in 0.34s
WARN  unsupported Scala 0.23.0-RC1
INFO  compiling root (1 scala source)
WARN  unsupported Scala 0.23.0-RC1
INFO  time: compiled root in 0.3s
WARN  unsupported Scala 0.23.0-RC1
WARN  unsupported Scala 0.23.0-RC1
WARN  unsupported Scala 0.23.0-RC1
WARN  unsupported Scala 0.23.0-RC1
WARN  unsupported Scala 0.23.0-RC1
WARN  unsupported Scala 0.23.0-RC1
WARN  unsupported Scala 0.23.0-RC1
WARN  unsupported Scala 0.23.0-RC1
WARN  unsupported Scala 0.23.0-RC1
WARN  unsupported Scala 0.23.0-RC1
WARN  unsupported Scala 0.23.0-RC1
WARN  unsupported Scala 0.23.0-RC1
WARN  unsupported Scala 0.23.0-RC1
INFO  compiling root (1 scala source)
INFO  time: compiled root in 0.34s
INFO  compiling root (1 scala source)
INFO  time: compiled root in 0.29s
WARN  unsupported Scala 0.23.0-RC1
WARN  unsupported Scala 0.23.0-RC1
WARN  unsupported Scala 0.23.0-RC1
WARN  unsupported Scala 0.23.0-RC1
WARN  unsupported Scala 0.23.0-RC1
WARN  unsupported Scala 0.23.0-RC1
WARN  unsupported Scala 0.23.0-RC1
INFO  compiling root (1 scala source)
INFO  time: compiled root in 0.33s
INFO  compiling root (1 scala source)
INFO  time: compiled root in 0.28s
WARN  unsupported Scala 0.23.0-RC1
WARN  unsupported Scala 0.23.0-RC1
WARN  unsupported Scala 0.23.0-RC1
WARN  unsupported Scala 0.23.0-RC1
WARN  unsupported Scala 0.23.0-RC1
INFO  compiling root (1 scala source)
INFO  time: compiled root in 0.3s
WARN  unsupported Scala 0.23.0-RC1
WARN  unsupported Scala 0.23.0-RC1
WARN  unsupported Scala 0.23.0-RC1
WARN  unsupported Scala 0.23.0-RC1
WARN  unsupported Scala 0.23.0-RC1
WARN  unsupported Scala 0.23.0-RC1
WARN  unsupported Scala 0.23.0-RC1
WARN  unsupported Scala 0.23.0-RC1
WARN  unsupported Scala 0.23.0-RC1
WARN  unsupported Scala 0.23.0-RC1
WARN  unsupported Scala 0.23.0-RC1
WARN  unsupported Scala 0.23.0-RC1
WARN  unsupported Scala 0.23.0-RC1
WARN  unsupported Scala 0.23.0-RC1
WARN  unsupported Scala 0.23.0-RC1
WARN  unsupported Scala 0.23.0-RC1
WARN  unsupported Scala 0.23.0-RC1
WARN  unsupported Scala 0.23.0-RC1
WARN  unsupported Scala 0.23.0-RC1
WARN  unsupported Scala 0.23.0-RC1
WARN  unsupported Scala 0.23.0-RC1
WARN  unsupported Scala 0.23.0-RC1
INFO  compiling root (1 scala source)
INFO  time: compiled root in 0.28s
WARN  unsupported Scala 0.23.0-RC1
WARN  unsupported Scala 0.23.0-RC1
WARN  unsupported Scala 0.23.0-RC1
WARN  unsupported Scala 0.23.0-RC1
WARN  unsupported Scala 0.23.0-RC1
WARN  unsupported Scala 0.23.0-RC1
WARN  unsupported Scala 0.23.0-RC1
WARN  unsupported Scala 0.23.0-RC1
WARN  unsupported Scala 0.23.0-RC1
WARN  unsupported Scala 0.23.0-RC1
WARN  unsupported Scala 0.23.0-RC1
WARN  unsupported Scala 0.23.0-RC1
WARN  unsupported Scala 0.23.0-RC1
WARN  unsupported Scala 0.23.0-RC1
WARN  unsupported Scala 0.23.0-RC1
WARN  unsupported Scala 0.23.0-RC1
WARN  unsupported Scala 0.23.0-RC1
WARN  unsupported Scala 0.23.0-RC1
WARN  unsupported Scala 0.23.0-RC1
WARN  unsupported Scala 0.23.0-RC1
WARN  unsupported Scala 0.23.0-RC1
WARN  unsupported Scala 0.23.0-RC1
WARN  unsupported Scala 0.23.0-RC1
WARN  unsupported Scala 0.23.0-RC1
WARN  unsupported Scala 0.23.0-RC1
WARN  unsupported Scala 0.23.0-RC1
WARN  unsupported Scala 0.23.0-RC1
WARN  unsupported Scala 0.23.0-RC1
WARN  unsupported Scala 0.23.0-RC1
WARN  unsupported Scala 0.23.0-RC1
WARN  unsupported Scala 0.23.0-RC1
WARN  unsupported Scala 0.23.0-RC1
WARN  unsupported Scala 0.23.0-RC1
WARN  unsupported Scala 0.23.0-RC1
WARN  unsupported Scala 0.23.0-RC1
WARN  unsupported Scala 0.23.0-RC1
WARN  unsupported Scala 0.23.0-RC1
WARN  unsupported Scala 0.23.0-RC1
WARN  unsupported Scala 0.23.0-RC1
WARN  unsupported Scala 0.23.0-RC1
WARN  unsupported Scala 0.23.0-RC1
WARN  unsupported Scala 0.23.0-RC1
WARN  unsupported Scala 0.23.0-RC1
WARN  unsupported Scala 0.23.0-RC1
WARN  unsupported Scala 0.23.0-RC1
WARN  unsupported Scala 0.23.0-RC1
WARN  unsupported Scala 0.23.0-RC1
WARN  unsupported Scala 0.23.0-RC1
WARN  unsupported Scala 0.23.0-RC1
WARN  unsupported Scala 0.23.0-RC1
WARN  unsupported Scala 0.23.0-RC1
INFO  compiling root (1 scala source)
INFO  time: compiled root in 0.29s
INFO  compiling root (1 scala source)
INFO  time: compiled root in 0.32s
WARN  unsupported Scala 0.23.0-RC1
WARN  unsupported Scala 0.23.0-RC1
WARN  unsupported Scala 0.23.0-RC1
WARN  unsupported Scala 0.23.0-RC1
WARN  unsupported Scala 0.23.0-RC1
WARN  unsupported Scala 0.23.0-RC1
WARN  unsupported Scala 0.23.0-RC1
WARN  unsupported Scala 0.23.0-RC1
WARN  unsupported Scala 0.23.0-RC1
WARN  unsupported Scala 0.23.0-RC1
WARN  unsupported Scala 0.23.0-RC1
WARN  unsupported Scala 0.23.0-RC1
WARN  unsupported Scala 0.23.0-RC1
WARN  unsupported Scala 0.23.0-RC1
WARN  unsupported Scala 0.23.0-RC1
WARN  unsupported Scala 0.23.0-RC1
WARN  unsupported Scala 0.23.0-RC1
WARN  unsupported Scala 0.23.0-RC1
WARN  unsupported Scala 0.23.0-RC1
WARN  unsupported Scala 0.23.0-RC1
WARN  unsupported Scala 0.23.0-RC1
WARN  unsupported Scala 0.23.0-RC1
WARN  unsupported Scala 0.23.0-RC1
INFO  compiling root (1 scala source)
INFO  time: compiled root in 0.26s
WARN  unsupported Scala 0.23.0-RC1
INFO  compiling root (1 scala source)
INFO  time: compiled root in 0.35s
INFO  started: Metals version 0.8.3 in workspace 'D:\Dotty_repo\algorithm_project\dotty-example-project'
INFO  time: initialize in 0.31s
WARN  no build target for: D:\Dotty_repo\algorithm_project\dotty-example-project\src\main\scala\ArrayDemo.scala
四月 08, 2020 1:31:52 下午 org.eclipse.lsp4j.jsonrpc.RemoteEndpoint handleCancellation
警告: Unmatched cancel notification for request id 1
WARN  code navigation does not work for the file 'D:\Dotty_repo\algorithm_project\dotty-example-project\src\main\scala\ArrayDemo.scala' because it doesn't belong to a build target.
WARN  code navigation does not work for the file 'D:\Dotty_repo\algorithm_project\dotty-example-project\src\main\scala\ArrayDemo.scala' because it doesn't belong to a build target.
INFO  no build target: using presentation compiler with only scala-library
Starting the bsp launcher for bloop...
Opening a bsp server connection with 'bsp --protocol tcp --port 29574'...
Waiting for the bsp connection to come up...
Waiting for the bsp connection to come up...
WARN  no build target for: D:\Dotty_repo\algorithm_project\dotty-example-project\src\main\scala\ArrayDemo.scala
INFO  running 'C:\Program Files\Java\jdk1.8.0_121\jre\bin\java -Djline.terminal=jline.UnsupportedTerminal -Dsbt.log.noformat=true -Dfile.encoding=UTF-8 -jar C:\Users\Abner\AppData\Local\Temp\metals5321881990962118045\sbt-launch.jar -Dbloop.export-jar-classifiers=sources bloopInstall'
Waiting for the bsp connection to come up...
Waiting for the bsp connection to come up...
Waiting for the bsp connection to come up...
Waiting for the bsp connection to come up...
Waiting for the bsp connection to come up...
Waiting for the bsp connection to come up...
Waiting for the bsp connection to come up...
No server running at 127.0.0.1:8212, let's fire one...
Resolving ch.epfl.scala:bloop-frontend_2.12:1.4.0-RC1-105-118a551b...
Starting bloop server at 127.0.0.1:8212...
Attempting a connection to the server...
[0m[32m[D][0m Loading workspace settings from bloop.settings.json
[0m[32m[D][0m Loading 2 projects from 'd:\Dotty_repo\algorithm_project\dotty-example-project\.bloop'...
[0m[32m[D][0m Loading project from 'd:\Dotty_repo\algorithm_project\dotty-example-project\.bloop\root-test.json'
[0m[32m[D][0m Loading project from 'd:\Dotty_repo\algorithm_project\dotty-example-project\.bloop\root.json'
[0m[32m[D][0m Cache miss for scala instance ch.epfl.lamp:scala-compiler:0.23.0-RC1.
[0m[32m[D][0m   => C:\Users\Abner\AppData\Local\Coursier\cache\v1\https\repo.huaweicloud.com\repository\maven\ch\epfl\lamp\dotty-compiler_0.23\0.23.0-RC1\dotty-compiler_0.23-0.23.0-RC1.jar
[0m[32m[D][0m   => C:\Users\Abner\AppData\Local\Coursier\cache\v1\https\repo.huaweicloud.com\repository\maven\ch\epfl\lamp\dotty-interfaces\0.23.0-RC1\dotty-interfaces-0.23.0-RC1.jar
[0m[32m[D][0m   => C:\Users\Abner\AppData\Local\Coursier\cache\v1\https\repo.huaweicloud.com\repository\maven\ch\epfl\lamp\dotty-library_0.23\0.23.0-RC1\dotty-library_0.23-0.23.0-RC1.jar
[0m[32m[D][0m   => C:\Users\Abner\AppData\Local\Coursier\cache\v1\https\repo.huaweicloud.com\repository\maven\ch\epfl\lamp\tasty-core_0.23\0.23.0-RC1\tasty-core_0.23-0.23.0-RC1.jar
[0m[32m[D][0m   => C:\Users\Abner\AppData\Local\Coursier\cache\v1\https\repo.huaweicloud.com\repository\maven\org\scala-lang\modules\scala-asm\7.3.1-scala-1\scala-asm-7.3.1-scala-1.jar
[0m[32m[D][0m   => C:\Users\Abner\AppData\Local\Coursier\cache\v1\https\repo1.maven.org\maven2\net\java\dev\jna\jna\4.2.2\jna-4.2.2.jar
[0m[32m[D][0m   => C:\Users\Abner\AppData\Local\Coursier\cache\v1\https\repo1.maven.org\maven2\org\jline\jline-reader\3.9.0\jline-reader-3.9.0.jar
[0m[32m[D][0m   => C:\Users\Abner\AppData\Local\Coursier\cache\v1\https\repo1.maven.org\maven2\org\jline\jline-terminal-jna\3.9.0\jline-terminal-jna-3.9.0.jar
[0m[32m[D][0m   => C:\Users\Abner\AppData\Local\Coursier\cache\v1\https\repo1.maven.org\maven2\org\jline\jline-terminal\3.9.0\jline-terminal-3.9.0.jar
[0m[32m[D][0m   => C:\Users\Abner\AppData\Local\Coursier\cache\v1\https\repo1.maven.org\maven2\org\scala-lang\scala-library\2.13.1\scala-library-2.13.1.jar
[0m[32m[D][0m   => C:\Users\Abner\AppData\Local\Coursier\cache\v1\https\repo1.maven.org\maven2\org\scala-sbt\compiler-interface\1.2.5\compiler-interface-1.2.5.jar
[0m[32m[D][0m   => C:\Users\Abner\AppData\Local\Coursier\cache\v1\https\repo1.maven.org\maven2\org\scala-sbt\util-interface\1.2.2\util-interface-1.2.2.jar
[0m[32m[D][0m Skipped configuration of SemanticDB in unsupported 0.23.0-RC1 projects
[0m[32m[D][0m Missing analysis file for project 'root-test'
[0m[32m[D][0m Missing analysis file for project 'root'
[0m[32m[D][0m Waiting for a connection at 127.0.0.1:29574...
The server is listening for incoming connections at tcp://127.0.0.1:29574...
Starting thread that pumps stdin and redirects it to the bsp server...
Starting thread that pumps server stdout and redirects it to the client stdout...
INFO  tracing is disabled for protocol BSP, to enable tracing of incoming and outgoing JSON messages create an empty file at C:\Users\Abner\AppData\Local\scalameta\metals\cache\bsp.trace.json
INFO  time: connected to build server in 11s
INFO  Connected to Build server v1.4.0-RC1-105-118a551b
INFO  time: imported build in 0.15s
INFO  [info] Loading global plugins from C:\Users\Abner\.sbt\1.0\plugins
INFO  time: indexed workspace in 0.69s
WARN  no build target for: D:\Dotty_repo\algorithm_project\dotty-example-project\src\main\scala\ArrayDemo.scala
INFO  [info] Loading settings for project dotty-example-project-build from metals.sbt,plugins.sbt ...
INFO  [info] Loading project definition from D:\Dotty_repo\algorithm_project\dotty-example-project\project
INFO  [info] Loading settings for project root from build.sbt ...
INFO  [info] Set current project to dotty-example-project (in build file:/D:/Dotty_repo/algorithm_project/dotty-example-project/)
INFO  [success] Generated .bloop\root-test.json
INFO  [success] Generated .bloop\root.json
INFO  [success] Total time: 1 s, completed 2020-4-8 13:32:06
INFO  build tool exit: 0
INFO  time: ran 'sbt bloopInstall' in 12s
INFO  disconnected: build server
No more data in the client stdin, exiting...
No more data in the server stdin, exiting...
Starting the bsp launcher for bloop...
Opening a bsp server connection with 'bsp --protocol tcp --port 28310'...
Waiting for the bsp connection to come up...
[0m[32m[D][0m Loading workspace settings from bloop.settings.json
[0m[32m[D][0m Loading 2 projects from 'd:\Dotty_repo\algorithm_project\dotty-example-project\.bloop'...
[0m[32m[D][0m Loading project from 'd:\Dotty_repo\algorithm_project\dotty-example-project\.bloop\root-test.json'
[0m[32m[D][0m Loading project from 'd:\Dotty_repo\algorithm_project\dotty-example-project\.bloop\root.json'
[0m[32m[D][0m Skipped configuration of SemanticDB in unsupported 0.23.0-RC1 projects
[0m[32m[D][0m Waiting for a connection at 127.0.0.1:28310...
The server is listening for incoming connections at tcp://127.0.0.1:28310...
Starting thread that pumps stdin and redirects it to the bsp server...
Starting thread that pumps server stdout and redirects it to the client stdout...
INFO  tracing is disabled for protocol BSP, to enable tracing of incoming and outgoing JSON messages create an empty file at C:\Users\Abner\AppData\Local\scalameta\metals\cache\bsp.trace.json
INFO  time: connected to build server in 0.61s
INFO  Connected to Build server v1.4.0-RC1-105-118a551b
INFO  time: indexed workspace in 0.29s
WARN  unsupported Scala 0.23.0-RC1
INFO  compiling root (15 scala sources)
INFO  time: compiled root in 5.67s
WARN  unsupported Scala 0.23.0-RC1
WARN  unsupported Scala 0.23.0-RC1
WARN  unsupported Scala 0.23.0-RC1
WARN  unsupported Scala 0.23.0-RC1
WARN  unsupported Scala 0.23.0-RC1
WARN  unsupported Scala 0.23.0-RC1
WARN  unsupported Scala 0.23.0-RC1
WARN  unsupported Scala 0.23.0-RC1
WARN  unsupported Scala 0.23.0-RC1
WARN  unsupported Scala 0.23.0-RC1
WARN  unsupported Scala 0.23.0-RC1
WARN  unsupported Scala 0.23.0-RC1
WARN  unsupported Scala 0.23.0-RC1
INFO  compiling root (1 scala source)
INFO  D:\Dotty_repo\algorithm_project\dotty-example-project\src\main\scala\ArrayDemo.scala:87:32: stale bloop error: unclosed string literal
        println(s"arr6 is $arr6)
                               ^
INFO  D:\Dotty_repo\algorithm_project\dotty-example-project\src\main\scala\ArrayDemo.scala:87:32: stale bloop error: unclosed string literal
        println(s"arr6 is $arr6)
                               ^
INFO  D:\Dotty_repo\algorithm_project\dotty-example-project\src\main\scala\ArrayDemo.scala:86:25: stale bloop error: value + is not a member of ArrayDemo.Array2[Int], but could be made available as an extension method.

One of the following imports might make progress towards fixing the problem:

  import math.Fractional.Implicits.infixFractionalOps
  import math.Integral.Implicits.infixIntegralOps
  import math.Numeric.Implicits.infixNumericOps
         
        val arr6 = arr5 + 3 
                        ^
INFO  time: compiled root in 1.04s
INFO  D:\Dotty_repo\algorithm_project\dotty-example-project\src\main\scala\ArrayDemo.scala:87:32: stale bloop error: unclosed string literal
        println(s"arr6 is $arr6)
                               ^
INFO  D:\Dotty_repo\algorithm_project\dotty-example-project\src\main\scala\ArrayDemo.scala:86:25: stale bloop error: value + is not a member of ArrayDemo.Array2[Int], but could be made available as an extension method.

One of the following imports might make progress towards fixing the problem:

  import math.Fractional.Implicits.infixFractionalOps
  import math.Integral.Implicits.infixIntegralOps
  import math.Numeric.Implicits.infixNumericOps
         
        val arr6 = arr5 + 3 
                        ^
INFO  D:\Dotty_repo\algorithm_project\dotty-example-project\src\main\scala\ArrayDemo.scala:87:32: stale bloop error: unclosed string literal
        println(s"arr6 is $arr6)
                               ^
INFO  D:\Dotty_repo\algorithm_project\dotty-example-project\src\main\scala\ArrayDemo.scala:86:25: stale bloop error: value + is not a member of ArrayDemo.Array2[Int], but could be made available as an extension method.

One of the following imports might make progress towards fixing the problem:

  import math.Fractional.Implicits.infixFractionalOps
  import math.Integral.Implicits.infixIntegralOps
  import math.Numeric.Implicits.infixNumericOps
         
        val arr6 = arr5 + 3 
                        ^
INFO  D:\Dotty_repo\algorithm_project\dotty-example-project\src\main\scala\ArrayDemo.scala:87:32: stale bloop error: unclosed string literal
        println(s"arr6 is $arr6)
                               ^
INFO  D:\Dotty_repo\algorithm_project\dotty-example-project\src\main\scala\ArrayDemo.scala:86:25: stale bloop error: value + is not a member of ArrayDemo.Array2[Int], but could be made available as an extension method.

One of the following imports might make progress towards fixing the problem:

  import math.Fractional.Implicits.infixFractionalOps
  import math.Integral.Implicits.infixIntegralOps
  import math.Numeric.Implicits.infixNumericOps
         
        val arr6 = arr5 + 3 
                        ^
INFO  D:\Dotty_repo\algorithm_project\dotty-example-project\src\main\scala\ArrayDemo.scala:87:32: stale bloop error: unclosed string literal
        println(s"arr6 is $arr6)
                               ^
INFO  D:\Dotty_repo\algorithm_project\dotty-example-project\src\main\scala\ArrayDemo.scala:86:25: stale bloop error: value + is not a member of ArrayDemo.Array2[Int], but could be made available as an extension method.

One of the following imports might make progress towards fixing the problem:

  import math.Fractional.Implicits.infixFractionalOps
  import math.Integral.Implicits.infixIntegralOps
  import math.Numeric.Implicits.infixNumericOps
         
        val arr6 = arr5 + 3 
                        ^
WARN  unsupported Scala 0.23.0-RC1
INFO  compiling root (1 scala source)
INFO  D:\Dotty_repo\algorithm_project\dotty-example-project\src\main\scala\ArrayDemo.scala:87:32: stale bloop error: unclosed string literal
        println(s"arr6 is $arr6)
                               ^
INFO  D:\Dotty_repo\algorithm_project\dotty-example-project\src\main\scala\ArrayDemo.scala:87:32: stale bloop error: unclosed string literal
        println(s"arr6 is $arr6)
                               ^
INFO  D:\Dotty_repo\algorithm_project\dotty-example-project\src\main\scala\ArrayDemo.scala:86:25: stale bloop error: value + is not a member of ArrayDemo.Array2[Int], but could be made available as an extension method.

One of the following imports might make progress towards fixing the problem:

  import math.Fractional.Implicits.infixFractionalOps
  import math.Integral.Implicits.infixIntegralOps
  import math.Numeric.Implicits.infixNumericOps
         
        val arr6 = arr5 + 3 
                        ^
INFO  time: compiled root in 0.73s
INFO  D:\Dotty_repo\algorithm_project\dotty-example-project\src\main\scala\ArrayDemo.scala:87:32: stale bloop error: unclosed string literal
        println(s"arr6 is $arr6)
                               ^
INFO  D:\Dotty_repo\algorithm_project\dotty-example-project\src\main\scala\ArrayDemo.scala:86:25: stale bloop error: value + is not a member of ArrayDemo.Array2[Int], but could be made available as an extension method.

One of the following imports might make progress towards fixing the problem:

  import math.Fractional.Implicits.infixFractionalOps
  import math.Integral.Implicits.infixIntegralOps
  import math.Numeric.Implicits.infixNumericOps
         
        val arr6 = arr5 + 3 
                        ^
INFO  compiling root (1 scala source)
INFO  D:\Dotty_repo\algorithm_project\dotty-example-project\src\main\scala\ArrayDemo.scala:87:32: stale bloop error: unclosed string literal
        println(s"arr6 is $arr6)
                               ^
INFO  D:\Dotty_repo\algorithm_project\dotty-example-project\src\main\scala\ArrayDemo.scala:87:32: stale bloop error: unclosed string literal
        println(s"arr6 is $arr6)
                               ^
INFO  D:\Dotty_repo\algorithm_project\dotty-example-project\src\main\scala\ArrayDemo.scala:86:25: stale bloop error: value + is not a member of ArrayDemo.Array2[Int], but could be made available as an extension method.

One of the following imports might make progress towards fixing the problem:

  import math.Fractional.Implicits.infixFractionalOps
  import math.Integral.Implicits.infixIntegralOps
  import math.Numeric.Implicits.infixNumericOps
         
        val arr6 = arr5 + 3 
                        ^
INFO  time: compiled root in 0.51s
WARN  unsupported Scala 0.23.0-RC1
WARN  unsupported Scala 0.23.0-RC1
WARN  unsupported Scala 0.23.0-RC1
WARN  unsupported Scala 0.23.0-RC1
WARN  unsupported Scala 0.23.0-RC1
WARN  unsupported Scala 0.23.0-RC1
WARN  unsupported Scala 0.23.0-RC1
WARN  unsupported Scala 0.23.0-RC1
WARN  unsupported Scala 0.23.0-RC1
INFO  D:\Dotty_repo\algorithm_project\dotty-example-project\src\main\scala\ArrayDemo.scala:87:32: stale bloop error: unclosed string literal
        println(s"arr6 is $arr6)
                               ^
INFO  D:\Dotty_repo\algorithm_project\dotty-example-project\src\main\scala\ArrayDemo.scala:86:25: stale bloop error: value + is not a member of ArrayDemo.Array2[Int], but could be made available as an extension method.

One of the following imports might make progress towards fixing the problem:

  import math.Fractional.Implicits.infixFractionalOps
  import math.Integral.Implicits.infixIntegralOps
  import math.Numeric.Implicits.infixNumericOps
         
        val arr6 = arr5 + 3 
                        ^
INFO  D:\Dotty_repo\algorithm_project\dotty-example-project\src\main\scala\ArrayDemo.scala:87:32: stale bloop error: unclosed string literal
        println(s"arr6 is $arr6)
                               ^
INFO  D:\Dotty_repo\algorithm_project\dotty-example-project\src\main\scala\ArrayDemo.scala:86:25: stale bloop error: value + is not a member of ArrayDemo.Array2[Int], but could be made available as an extension method.

One of the following imports might make progress towards fixing the problem:

  import math.Fractional.Implicits.infixFractionalOps
  import math.Integral.Implicits.infixIntegralOps
  import math.Numeric.Implicits.infixNumericOps
         
        val arr6 = arr5 + 3 
                        ^
WARN  unsupported Scala 0.23.0-RC1
WARN  unsupported Scala 0.23.0-RC1
INFO  D:\Dotty_repo\algorithm_project\dotty-example-project\src\main\scala\ArrayDemo.scala:87:32: stale bloop error: unclosed string literal
        println(s"arr6 is $arr6)
                               ^
INFO  D:\Dotty_repo\algorithm_project\dotty-example-project\src\main\scala\ArrayDemo.scala:86:25: stale bloop error: value + is not a member of ArrayDemo.Array2[Int], but could be made available as an extension method.

One of the following imports might make progress towards fixing the problem:

  import math.Fractional.Implicits.infixFractionalOps
  import math.Integral.Implicits.infixIntegralOps
  import math.Numeric.Implicits.infixNumericOps
         
        val arr6 = arr5 + 3 
                        ^
INFO  D:\Dotty_repo\algorithm_project\dotty-example-project\src\main\scala\ArrayDemo.scala:87:32: stale bloop error: unclosed string literal
        println(s"arr6 is $arr6)
                               ^
INFO  D:\Dotty_repo\algorithm_project\dotty-example-project\src\main\scala\ArrayDemo.scala:86:25: stale bloop error: value + is not a member of ArrayDemo.Array2[Int], but could be made available as an extension method.

One of the following imports might make progress towards fixing the problem:

  import math.Fractional.Implicits.infixFractionalOps
  import math.Integral.Implicits.infixIntegralOps
  import math.Numeric.Implicits.infixNumericOps
         
        val arr6 = arr5 + 3 
                        ^
ERROR code navigation does not work for the file 'D:\Dotty_repo\algorithm_project\dotty-example-project\src\main\scala\ArrayDemo.scala' because the Scala version 0.23.0-RC1 is not supported. To fix this problem, change the Scala version to 2.13.1 or 2.12.11 or 2.11.12.
ERROR code navigation does not work for the file 'D:\Dotty_repo\algorithm_project\dotty-example-project\src\main\scala\ArrayDemo.scala' because the Scala version 0.23.0-RC1 is not supported. To fix this problem, change the Scala version to 2.13.1 or 2.12.11 or 2.11.12.
WARN  unsupported Scala 0.23.0-RC1
INFO  compiling root (1 scala source)
INFO  D:\Dotty_repo\algorithm_project\dotty-example-project\src\main\scala\ArrayDemo.scala:87:32: stale bloop error: unclosed string literal
        println(s"arr6 is $arr6)
                               ^
INFO  D:\Dotty_repo\algorithm_project\dotty-example-project\src\main\scala\ArrayDemo.scala:87:32: stale bloop error: unclosed string literal
        println(s"arr6 is $arr6)
                               ^
INFO  time: compiled root in 0.31s
WARN  unsupported Scala 0.23.0-RC1
INFO  compiling root (1 scala source)
INFO  D:\Dotty_repo\algorithm_project\dotty-example-project\src\main\scala\ArrayDemo.scala:87:32: stale bloop error: unclosed string literal
        println(s"arr6 is $arr6)
                               ^
INFO  time: compiled root in 0.2s
INFO  D:\Dotty_repo\algorithm_project\dotty-example-project\src\main\scala\ArrayDemo.scala:87:32: stale bloop error: unclosed string literal
        println(s"arr6 is $arr6)
                               ^
INFO  D:\Dotty_repo\algorithm_project\dotty-example-project\src\main\scala\ArrayDemo.scala:87:32: stale bloop error: unclosed string literal
        println(s"arr6 is $arr6)
                               ^
INFO  compiling root (1 scala source)
INFO  time: compiled root in 1.11s
WARN  unsupported Scala 0.23.0-RC1
WARN  unsupported Scala 0.23.0-RC1
WARN  unsupported Scala 0.23.0-RC1
WARN  unsupported Scala 0.23.0-RC1
WARN  unsupported Scala 0.23.0-RC1
WARN  unsupported Scala 0.23.0-RC1
WARN  unsupported Scala 0.23.0-RC1
WARN  unsupported Scala 0.23.0-RC1
WARN  unsupported Scala 0.23.0-RC1
WARN  unsupported Scala 0.23.0-RC1
ERROR code navigation does not work for the file 'D:\Dotty_repo\algorithm_project\dotty-example-project\src\main\scala\ArrayDemo.scala' because the Scala version 0.23.0-RC1 is not supported. To fix this problem, change the Scala version to 2.13.1 or 2.12.11 or 2.11.12.
ERROR code navigation does not work for the file 'D:\Dotty_repo\algorithm_project\dotty-example-project\src\main\scala\ArrayDemo.scala' because the Scala version 0.23.0-RC1 is not supported. To fix this problem, change the Scala version to 2.13.1 or 2.12.11 or 2.11.12.
WARN  unsupported Scala 0.23.0-RC1
ERROR code navigation does not work for the file 'D:\Dotty_repo\algorithm_project\dotty-example-project\src\main\scala\ArrayDemo.scala' because the Scala version 0.23.0-RC1 is not supported. To fix this problem, change the Scala version to 2.13.1 or 2.12.11 or 2.11.12.
ERROR code navigation does not work for the file 'D:\Dotty_repo\algorithm_project\dotty-example-project\src\main\scala\ArrayDemo.scala' because the Scala version 0.23.0-RC1 is not supported. To fix this problem, change the Scala version to 2.13.1 or 2.12.11 or 2.11.12.
WARN  unsupported Scala 0.23.0-RC1
WARN  unsupported Scala 0.23.0-RC1
ERROR code navigation does not work for the file 'D:\Dotty_repo\algorithm_project\dotty-example-project\src\main\scala\ArrayDemo.scala' because the Scala version 0.23.0-RC1 is not supported. To fix this problem, change the Scala version to 2.13.1 or 2.12.11 or 2.11.12.
ERROR code navigation does not work for the file 'D:\Dotty_repo\algorithm_project\dotty-example-project\src\main\scala\ArrayDemo.scala' because the Scala version 0.23.0-RC1 is not supported. To fix this problem, change the Scala version to 2.13.1 or 2.12.11 or 2.11.12.
WARN  unsupported Scala 0.23.0-RC1
WARN  unsupported Scala 0.23.0-RC1
ERROR code navigation does not work for the file 'D:\Dotty_repo\algorithm_project\dotty-example-project\src\main\scala\ArrayDemo.scala' because the Scala version 0.23.0-RC1 is not supported. To fix this problem, change the Scala version to 2.13.1 or 2.12.11 or 2.11.12.
ERROR code navigation does not work for the file 'D:\Dotty_repo\algorithm_project\dotty-example-project\src\main\scala\ArrayDemo.scala' because the Scala version 0.23.0-RC1 is not supported. To fix this problem, change the Scala version to 2.13.1 or 2.12.11 or 2.11.12.
WARN  unsupported Scala 0.23.0-RC1
ERROR code navigation does not work for the file 'D:\Dotty_repo\algorithm_project\dotty-example-project\src\main\scala\ArrayDemo.scala' because the Scala version 0.23.0-RC1 is not supported. To fix this problem, change the Scala version to 2.13.1 or 2.12.11 or 2.11.12.
ERROR code navigation does not work for the file 'D:\Dotty_repo\algorithm_project\dotty-example-project\src\main\scala\ArrayDemo.scala' because the Scala version 0.23.0-RC1 is not supported. To fix this problem, change the Scala version to 2.13.1 or 2.12.11 or 2.11.12.
WARN  unsupported Scala 0.23.0-RC1
WARN  unsupported Scala 0.23.0-RC1
WARN  unsupported Scala 0.23.0-RC1
WARN  unsupported Scala 0.23.0-RC1
WARN  unsupported Scala 0.23.0-RC1
WARN  unsupported Scala 0.23.0-RC1
WARN  unsupported Scala 0.23.0-RC1
WARN  unsupported Scala 0.23.0-RC1
WARN  unsupported Scala 0.23.0-RC1
WARN  unsupported Scala 0.23.0-RC1
WARN  unsupported Scala 0.23.0-RC1
WARN  unsupported Scala 0.23.0-RC1
WARN  unsupported Scala 0.23.0-RC1
INFO  compiling root (1 scala source)
INFO  time: compiled root in 0.39s
WARN  unsupported Scala 0.23.0-RC1
WARN  unsupported Scala 0.23.0-RC1
WARN  unsupported Scala 0.23.0-RC1
WARN  unsupported Scala 0.23.0-RC1
WARN  unsupported Scala 0.23.0-RC1
WARN  unsupported Scala 0.23.0-RC1
WARN  unsupported Scala 0.23.0-RC1
WARN  unsupported Scala 0.23.0-RC1
WARN  unsupported Scala 0.23.0-RC1
WARN  unsupported Scala 0.23.0-RC1
WARN  unsupported Scala 0.23.0-RC1
INFO  compiling root (1 scala source)
INFO  D:\Dotty_repo\algorithm_project\dotty-example-project\src\main\scala\ArrayDemo.scala:90:32: stale bloop error: unclosed string literal
        println(s"arr7 is $arr7)
                               ^
INFO  D:\Dotty_repo\algorithm_project\dotty-example-project\src\main\scala\ArrayDemo.scala:90:32: stale bloop error: unclosed string literal
        println(s"arr7 is $arr7)
                               ^
INFO  D:\Dotty_repo\algorithm_project\dotty-example-project\src\main\scala\ArrayDemo.scala:90:32: stale bloop error: unclosed string literal
        println(s"arr7 is $arr7)
                               ^
INFO  D:\Dotty_repo\algorithm_project\dotty-example-project\src\main\scala\ArrayDemo.scala:89:27: stale bloop error: Found:    (arr6 : ArrayDemo.Array2[Int])
Required: Int
        val arr7 = arr5 + arr6 
                          ^
INFO  time: compiled root in 0.5s
INFO  D:\Dotty_repo\algorithm_project\dotty-example-project\src\main\scala\ArrayDemo.scala:90:32: stale bloop error: unclosed string literal
        println(s"arr7 is $arr7)
                               ^
INFO  D:\Dotty_repo\algorithm_project\dotty-example-project\src\main\scala\ArrayDemo.scala:89:27: stale bloop error: Found:    (arr6 : ArrayDemo.Array2[Int])
Required: Int
        val arr7 = arr5 + arr6 
                          ^
INFO  D:\Dotty_repo\algorithm_project\dotty-example-project\src\main\scala\ArrayDemo.scala:90:32: stale bloop error: unclosed string literal
        println(s"arr7 is $arr7)
                               ^
INFO  D:\Dotty_repo\algorithm_project\dotty-example-project\src\main\scala\ArrayDemo.scala:89:27: stale bloop error: Found:    (arr6 : ArrayDemo.Array2[Int])
Required: Int
        val arr7 = arr5 + arr6 
                          ^
INFO  compiling root (1 scala source)
INFO  D:\Dotty_repo\algorithm_project\dotty-example-project\src\main\scala\ArrayDemo.scala:90:32: stale bloop error: unclosed string literal
        println(s"arr7 is $arr7)
                               ^
INFO  D:\Dotty_repo\algorithm_project\dotty-example-project\src\main\scala\ArrayDemo.scala:90:32: stale bloop error: unclosed string literal
        println(s"arr7 is $arr7)
                               ^
INFO  D:\Dotty_repo\algorithm_project\dotty-example-project\src\main\scala\ArrayDemo.scala:89:27: stale bloop error: Found:    (arr6 : ArrayDemo.Array2[Int])
Required: Int
        val arr7 = arr5 + arr6 
                          ^
INFO  time: compiled root in 0.46s
INFO  compiling root (1 scala source)
INFO  time: compiled root in 0.35s
WARN  unsupported Scala 0.23.0-RC1
WARN  unsupported Scala 0.23.0-RC1
WARN  unsupported Scala 0.23.0-RC1
WARN  unsupported Scala 0.23.0-RC1
INFO  compiling root (1 scala source)
INFO  time: compiled root in 0.36s
WARN  unsupported Scala 0.23.0-RC1
WARN  unsupported Scala 0.23.0-RC1
WARN  unsupported Scala 0.23.0-RC1
WARN  unsupported Scala 0.23.0-RC1
WARN  unsupported Scala 0.23.0-RC1
WARN  unsupported Scala 0.23.0-RC1
WARN  unsupported Scala 0.23.0-RC1
WARN  unsupported Scala 0.23.0-RC1
WARN  unsupported Scala 0.23.0-RC1
WARN  unsupported Scala 0.23.0-RC1
WARN  unsupported Scala 0.23.0-RC1
WARN  unsupported Scala 0.23.0-RC1
WARN  unsupported Scala 0.23.0-RC1
WARN  unsupported Scala 0.23.0-RC1
WARN  unsupported Scala 0.23.0-RC1
WARN  unsupported Scala 0.23.0-RC1
WARN  unsupported Scala 0.23.0-RC1
WARN  unsupported Scala 0.23.0-RC1
WARN  unsupported Scala 0.23.0-RC1
WARN  unsupported Scala 0.23.0-RC1
WARN  unsupported Scala 0.23.0-RC1
WARN  unsupported Scala 0.23.0-RC1
WARN  unsupported Scala 0.23.0-RC1
WARN  unsupported Scala 0.23.0-RC1
WARN  unsupported Scala 0.23.0-RC1
WARN  unsupported Scala 0.23.0-RC1
WARN  unsupported Scala 0.23.0-RC1
WARN  unsupported Scala 0.23.0-RC1
WARN  unsupported Scala 0.23.0-RC1
WARN  unsupported Scala 0.23.0-RC1
WARN  unsupported Scala 0.23.0-RC1
WARN  unsupported Scala 0.23.0-RC1
WARN  unsupported Scala 0.23.0-RC1
WARN  unsupported Scala 0.23.0-RC1
WARN  unsupported Scala 0.23.0-RC1
WARN  unsupported Scala 0.23.0-RC1
WARN  unsupported Scala 0.23.0-RC1
WARN  unsupported Scala 0.23.0-RC1
INFO  compiling root (1 scala source)
INFO  time: compiled root in 0.31s
WARN  unsupported Scala 0.23.0-RC1
WARN  unsupported Scala 0.23.0-RC1
WARN  unsupported Scala 0.23.0-RC1
INFO  compiling root (1 scala source)
INFO  time: compiled root in 0.26s
WARN  unsupported Scala 0.23.0-RC1
WARN  unsupported Scala 0.23.0-RC1
WARN  unsupported Scala 0.23.0-RC1
WARN  unsupported Scala 0.23.0-RC1
WARN  unsupported Scala 0.23.0-RC1
WARN  unsupported Scala 0.23.0-RC1
WARN  unsupported Scala 0.23.0-RC1
WARN  unsupported Scala 0.23.0-RC1
WARN  unsupported Scala 0.23.0-RC1
WARN  unsupported Scala 0.23.0-RC1
WARN  unsupported Scala 0.23.0-RC1
WARN  unsupported Scala 0.23.0-RC1
WARN  unsupported Scala 0.23.0-RC1
WARN  unsupported Scala 0.23.0-RC1
WARN  unsupported Scala 0.23.0-RC1
WARN  unsupported Scala 0.23.0-RC1
WARN  unsupported Scala 0.23.0-RC1
WARN  unsupported Scala 0.23.0-RC1
WARN  unsupported Scala 0.23.0-RC1
WARN  unsupported Scala 0.23.0-RC1
WARN  unsupported Scala 0.23.0-RC1
WARN  unsupported Scala 0.23.0-RC1
WARN  unsupported Scala 0.23.0-RC1
WARN  unsupported Scala 0.23.0-RC1
WARN  unsupported Scala 0.23.0-RC1
WARN  unsupported Scala 0.23.0-RC1
WARN  unsupported Scala 0.23.0-RC1
WARN  unsupported Scala 0.23.0-RC1
WARN  unsupported Scala 0.23.0-RC1
WARN  unsupported Scala 0.23.0-RC1
WARN  unsupported Scala 0.23.0-RC1
WARN  unsupported Scala 0.23.0-RC1
WARN  unsupported Scala 0.23.0-RC1
WARN  unsupported Scala 0.23.0-RC1
WARN  unsupported Scala 0.23.0-RC1
WARN  unsupported Scala 0.23.0-RC1
WARN  unsupported Scala 0.23.0-RC1
INFO  compiling root (1 scala source)
INFO  time: compiled root in 0.32s
INFO  compiling root (1 scala source)
WARN  unsupported Scala 0.23.0-RC1
INFO  time: compiled root in 0.33s
WARN  unsupported Scala 0.23.0-RC1
WARN  unsupported Scala 0.23.0-RC1
WARN  unsupported Scala 0.23.0-RC1
WARN  unsupported Scala 0.23.0-RC1
WARN  unsupported Scala 0.23.0-RC1
WARN  unsupported Scala 0.23.0-RC1
WARN  unsupported Scala 0.23.0-RC1
WARN  unsupported Scala 0.23.0-RC1
WARN  unsupported Scala 0.23.0-RC1
WARN  unsupported Scala 0.23.0-RC1
WARN  unsupported Scala 0.23.0-RC1
WARN  unsupported Scala 0.23.0-RC1
INFO  compiling root (1 scala source)
INFO  time: compiled root in 0.28s
WARN  unsupported Scala 0.23.0-RC1
WARN  unsupported Scala 0.23.0-RC1
WARN  unsupported Scala 0.23.0-RC1
WARN  unsupported Scala 0.23.0-RC1
WARN  unsupported Scala 0.23.0-RC1
WARN  unsupported Scala 0.23.0-RC1
WARN  unsupported Scala 0.23.0-RC1
WARN  unsupported Scala 0.23.0-RC1
WARN  unsupported Scala 0.23.0-RC1
WARN  unsupported Scala 0.23.0-RC1
WARN  unsupported Scala 0.23.0-RC1
WARN  unsupported Scala 0.23.0-RC1
WARN  unsupported Scala 0.23.0-RC1
WARN  unsupported Scala 0.23.0-RC1
WARN  unsupported Scala 0.23.0-RC1
WARN  unsupported Scala 0.23.0-RC1
WARN  unsupported Scala 0.23.0-RC1
WARN  unsupported Scala 0.23.0-RC1
WARN  unsupported Scala 0.23.0-RC1
WARN  unsupported Scala 0.23.0-RC1
WARN  unsupported Scala 0.23.0-RC1
WARN  unsupported Scala 0.23.0-RC1
WARN  unsupported Scala 0.23.0-RC1
WARN  unsupported Scala 0.23.0-RC1
WARN  unsupported Scala 0.23.0-RC1
WARN  unsupported Scala 0.23.0-RC1
WARN  unsupported Scala 0.23.0-RC1
WARN  unsupported Scala 0.23.0-RC1
WARN  unsupported Scala 0.23.0-RC1
WARN  unsupported Scala 0.23.0-RC1
WARN  unsupported Scala 0.23.0-RC1
WARN  unsupported Scala 0.23.0-RC1
WARN  unsupported Scala 0.23.0-RC1
WARN  unsupported Scala 0.23.0-RC1
WARN  unsupported Scala 0.23.0-RC1
INFO  compiling root (1 scala source)
INFO  time: compiled root in 0.31s
WARN  unsupported Scala 0.23.0-RC1
WARN  unsupported Scala 0.23.0-RC1
WARN  unsupported Scala 0.23.0-RC1
WARN  unsupported Scala 0.23.0-RC1
WARN  unsupported Scala 0.23.0-RC1
INFO  compiling root (1 scala source)
INFO  time: compiled root in 0.26s
WARN  unsupported Scala 0.23.0-RC1
WARN  unsupported Scala 0.23.0-RC1
WARN  unsupported Scala 0.23.0-RC1
WARN  unsupported Scala 0.23.0-RC1
WARN  unsupported Scala 0.23.0-RC1
WARN  unsupported Scala 0.23.0-RC1
WARN  unsupported Scala 0.23.0-RC1
WARN  unsupported Scala 0.23.0-RC1
WARN  unsupported Scala 0.23.0-RC1
WARN  unsupported Scala 0.23.0-RC1
INFO  compiling root (1 scala source)
INFO  time: compiled root in 0.35s
INFO  compiling root (1 scala source)
INFO  time: compiled root in 0.82s
WARN  unsupported Scala 0.23.0-RC1
WARN  unsupported Scala 0.23.0-RC1
ERROR code navigation does not work for the file 'D:\Dotty_repo\algorithm_project\dotty-example-project\src\main\scala\ArrayDemo.scala' because the Scala version 0.23.0-RC1 is not supported. To fix this problem, change the Scala version to 2.13.1 or 2.12.11 or 2.11.12.
ERROR code navigation does not work for the file 'D:\Dotty_repo\algorithm_project\dotty-example-project\src\main\scala\ArrayDemo.scala' because the Scala version 0.23.0-RC1 is not supported. To fix this problem, change the Scala version to 2.13.1 or 2.12.11 or 2.11.12.
WARN  unsupported Scala 0.23.0-RC1
ERROR code navigation does not work for the file 'D:\Dotty_repo\algorithm_project\dotty-example-project\src\main\scala\ArrayDemo.scala' because the Scala version 0.23.0-RC1 is not supported. To fix this problem, change the Scala version to 2.13.1 or 2.12.11 or 2.11.12.
ERROR code navigation does not work for the file 'D:\Dotty_repo\algorithm_project\dotty-example-project\src\main\scala\ArrayDemo.scala' because the Scala version 0.23.0-RC1 is not supported. To fix this problem, change the Scala version to 2.13.1 or 2.12.11 or 2.11.12.
WARN  unsupported Scala 0.23.0-RC1
ERROR code navigation does not work for the file 'D:\Dotty_repo\algorithm_project\dotty-example-project\src\main\scala\ArrayDemo.scala' because the Scala version 0.23.0-RC1 is not supported. To fix this problem, change the Scala version to 2.13.1 or 2.12.11 or 2.11.12.
ERROR code navigation does not work for the file 'D:\Dotty_repo\algorithm_project\dotty-example-project\src\main\scala\ArrayDemo.scala' because the Scala version 0.23.0-RC1 is not supported. To fix this problem, change the Scala version to 2.13.1 or 2.12.11 or 2.11.12.
WARN  unsupported Scala 0.23.0-RC1
WARN  unsupported Scala 0.23.0-RC1
WARN  unsupported Scala 0.23.0-RC1
WARN  unsupported Scala 0.23.0-RC1
WARN  unsupported Scala 0.23.0-RC1
ERROR code navigation does not work for the file 'D:\Dotty_repo\algorithm_project\dotty-example-project\src\main\scala\ArrayDemo.scala' because the Scala version 0.23.0-RC1 is not supported. To fix this problem, change the Scala version to 2.13.1 or 2.12.11 or 2.11.12.
ERROR code navigation does not work for the file 'D:\Dotty_repo\algorithm_project\dotty-example-project\src\main\scala\ArrayDemo.scala' because the Scala version 0.23.0-RC1 is not supported. To fix this problem, change the Scala version to 2.13.1 or 2.12.11 or 2.11.12.
WARN  unsupported Scala 0.23.0-RC1
ERROR code navigation does not work for the file 'D:\Dotty_repo\algorithm_project\dotty-example-project\src\main\scala\ArrayDemo.scala' because the Scala version 0.23.0-RC1 is not supported. To fix this problem, change the Scala version to 2.13.1 or 2.12.11 or 2.11.12.
ERROR code navigation does not work for the file 'D:\Dotty_repo\algorithm_project\dotty-example-project\src\main\scala\ArrayDemo.scala' because the Scala version 0.23.0-RC1 is not supported. To fix this problem, change the Scala version to 2.13.1 or 2.12.11 or 2.11.12.
WARN  unsupported Scala 0.23.0-RC1
WARN  unsupported Scala 0.23.0-RC1
WARN  unsupported Scala 0.23.0-RC1
WARN  unsupported Scala 0.23.0-RC1
WARN  unsupported Scala 0.23.0-RC1
WARN  unsupported Scala 0.23.0-RC1
WARN  unsupported Scala 0.23.0-RC1
WARN  unsupported Scala 0.23.0-RC1
WARN  unsupported Scala 0.23.0-RC1
WARN  unsupported Scala 0.23.0-RC1
ERROR code navigation does not work for the file 'D:\Dotty_repo\algorithm_project\dotty-example-project\src\main\scala\ArrayDemo.scala' because the Scala version 0.23.0-RC1 is not supported. To fix this problem, change the Scala version to 2.13.1 or 2.12.11 or 2.11.12.
ERROR code navigation does not work for the file 'D:\Dotty_repo\algorithm_project\dotty-example-project\src\main\scala\ArrayDemo.scala' because the Scala version 0.23.0-RC1 is not supported. To fix this problem, change the Scala version to 2.13.1 or 2.12.11 or 2.11.12.
WARN  unsupported Scala 0.23.0-RC1
ERROR code navigation does not work for the file 'D:\Dotty_repo\algorithm_project\dotty-example-project\src\main\scala\ArrayDemo.scala' because the Scala version 0.23.0-RC1 is not supported. To fix this problem, change the Scala version to 2.13.1 or 2.12.11 or 2.11.12.
ERROR code navigation does not work for the file 'D:\Dotty_repo\algorithm_project\dotty-example-project\src\main\scala\ArrayDemo.scala' because the Scala version 0.23.0-RC1 is not supported. To fix this problem, change the Scala version to 2.13.1 or 2.12.11 or 2.11.12.
WARN  unsupported Scala 0.23.0-RC1
INFO  compiling root (1 scala source)
INFO  time: compiled root in 0.33s
WARN  unsupported Scala 0.23.0-RC1
WARN  unsupported Scala 0.23.0-RC1
WARN  unsupported Scala 0.23.0-RC1
WARN  unsupported Scala 0.23.0-RC1
WARN  unsupported Scala 0.23.0-RC1
WARN  unsupported Scala 0.23.0-RC1
INFO  compiling root (1 scala source)
INFO  time: compiled root in 0.15s
INFO  compiling root (1 scala source)
INFO  time: compiled root in 0.16s
WARN  unsupported Scala 0.23.0-RC1
WARN  unsupported Scala 0.23.0-RC1
INFO  D:\Dotty_repo\algorithm_project\dotty-example-project\src\main\scala\ArrayDemo.scala:103:20: stale bloop error: None of the overloaded alternatives of method apply in class Array2 with types
 (index: Int)(v: Int): Unit
 (index: Int): Int
match arguments ((Int, Int))
        val arr8 = arr7(0, 2)
                   ^
INFO  D:\Dotty_repo\algorithm_project\dotty-example-project\src\main\scala\ArrayDemo.scala:103:20: stale bloop error: None of the overloaded alternatives of method apply in class Array2 with types
 (index: Int)(v: Int): Unit
 (index: Int): Int
match arguments ((Int, Int))
        val arr8 = arr7(0, 2)
                   ^
WARN  unsupported Scala 0.23.0-RC1
INFO  compiling root (1 scala source)
INFO  time: compiled root in 0.29s
WARN  unsupported Scala 0.23.0-RC1
WARN  unsupported Scala 0.23.0-RC1
INFO  compiling root (1 scala source)
INFO  time: compiled root in 0.36s
INFO  compiling root (1 scala source)
INFO  time: compiled root in 0.34s
WARN  unsupported Scala 0.23.0-RC1
WARN  unsupported Scala 0.23.0-RC1
INFO  compiling root (1 scala source)
INFO  time: compiled root in 0.12s
WARN  unsupported Scala 0.23.0-RC1
WARN  unsupported Scala 0.23.0-RC1
INFO  compiling root (1 scala source)
WARN  unsupported Scala 0.23.0-RC1
INFO  time: compiled root in 0.13s
WARN  unsupported Scala 0.23.0-RC1
WARN  unsupported Scala 0.23.0-RC1
WARN  unsupported Scala 0.23.0-RC1
WARN  unsupported Scala 0.23.0-RC1
WARN  unsupported Scala 0.23.0-RC1
INFO  compiling root (1 scala source)
INFO  time: compiled root in 0.29s
WARN  unsupported Scala 0.23.0-RC1
WARN  unsupported Scala 0.23.0-RC1
WARN  unsupported Scala 0.23.0-RC1
WARN  unsupported Scala 0.23.0-RC1
WARN  unsupported Scala 0.23.0-RC1
INFO  compiling root (1 scala source)
INFO  time: compiled root in 0.11s
INFO  compiling root (1 scala source)
INFO  time: compiled root in 0.13s
WARN  unsupported Scala 0.23.0-RC1
WARN  unsupported Scala 0.23.0-RC1
INFO  compiling root (1 scala source)
INFO  time: compiled root in 0.3s
WARN  unsupported Scala 0.23.0-RC1
WARN  unsupported Scala 0.23.0-RC1
WARN  unsupported Scala 0.23.0-RC1
WARN  unsupported Scala 0.23.0-RC1
